<?xml version="1.0" encoding="utf-8"?><testsuites name="pytest tests"><testsuite name="pytest" errors="0" failures="11" skipped="0" tests="33" time="7.248" timestamp="2026-02-22T10:52:15.104264+00:00" hostname="agent-env-ec6b532d-3256-4001-a35c-a84efb9248b3"><testcase classname="backend.tests.test_comprehensive_features.TestHealthCheck" name="test_health_endpoint" time="0.147" /><testcase classname="backend.tests.test_comprehensive_features.TestAuthentication" name="test_admin_login_valid" time="0.170" /><testcase classname="backend.tests.test_comprehensive_features.TestAuthentication" name="test_admin_login_invalid_password" time="0.115" /><testcase classname="backend.tests.test_comprehensive_features.TestAuthentication" name="test_send_otp" time="0.132" /><testcase classname="backend.tests.test_comprehensive_features.TestAuthentication" name="test_verify_otp" time="0.239" /><testcase classname="backend.tests.test_comprehensive_features.TestAdminAnalytics" name="test_admin_analytics" time="0.282"><failure message="assert 404 == 200&#10; +  where 404 = &lt;Response [404]&gt;.status_code">backend/tests/test_comprehensive_features.py:102: in test_admin_analytics
    assert response.status_code == 200
E   assert 404 == 200
E    +  where 404 = &lt;Response [404]&gt;.status_code</failure></testcase><testcase classname="backend.tests.test_comprehensive_features.TestAdminAnalytics" name="test_admin_stats" time="0.215" /><testcase classname="backend.tests.test_comprehensive_features.TestNewsAPI" name="test_get_news" time="0.199"><failure message="assert 404 == 200&#10; +  where 404 = &lt;Response [404]&gt;.status_code">backend/tests/test_comprehensive_features.py:131: in test_get_news
    assert response.status_code == 200
E   assert 404 == 200
E    +  where 404 = &lt;Response [404]&gt;.status_code</failure></testcase><testcase classname="backend.tests.test_comprehensive_features.TestNewsAPI" name="test_get_news_admin" time="0.307"><failure message="assert 400 == 200&#10; +  where 400 = &lt;Response [400]&gt;.status_code">backend/tests/test_comprehensive_features.py:138: in test_get_news_admin
    assert response.status_code == 200
E   assert 400 == 200
E    +  where 400 = &lt;Response [400]&gt;.status_code</failure></testcase><testcase classname="backend.tests.test_comprehensive_features.TestNewsAPI" name="test_news_categories" time="0.199" /><testcase classname="backend.tests.test_comprehensive_features.TestEducationAPI" name="test_get_courses" time="0.220" /><testcase classname="backend.tests.test_comprehensive_features.TestEducationAPI" name="test_get_categories" time="0.247" /><testcase classname="backend.tests.test_comprehensive_features.TestEducationAPI" name="test_create_course" time="0.244" /><testcase classname="backend.tests.test_comprehensive_features.TestEducationAPI" name="test_instructor_courses" time="0.211" /><testcase classname="backend.tests.test_comprehensive_features.TestEducationAPI" name="test_instructor_dashboard" time="0.203" /><testcase classname="backend.tests.test_comprehensive_features.TestBenefitsAPI" name="test_get_benefits" time="0.197" /><testcase classname="backend.tests.test_comprehensive_features.TestBenefitsAPI" name="test_get_benefits_schemes" time="0.198" /><testcase classname="backend.tests.test_comprehensive_features.TestBenefitsAPI" name="test_benefits_admin" time="0.208" /><testcase classname="backend.tests.test_comprehensive_features.TestAQIAPI" name="test_get_aqi" time="0.094"><failure message="assert 404 == 200&#10; +  where 404 = &lt;Response [404]&gt;.status_code">backend/tests/test_comprehensive_features.py:251: in test_get_aqi
    assert response.status_code == 200
E   assert 404 == 200
E    +  where 404 = &lt;Response [404]&gt;.status_code</failure></testcase><testcase classname="backend.tests.test_comprehensive_features.TestAQIAPI" name="test_get_aqi_history" time="0.101"><failure message="assert 404 == 200&#10; +  where 404 = &lt;Response [404]&gt;.status_code">backend/tests/test_comprehensive_features.py:258: in test_get_aqi_history
    assert response.status_code == 200
E   assert 404 == 200
E    +  where 404 = &lt;Response [404]&gt;.status_code</failure></testcase><testcase classname="backend.tests.test_comprehensive_features.TestIssuesAPI" name="test_get_issues" time="0.201" /><testcase classname="backend.tests.test_comprehensive_features.TestIssuesAPI" name="test_issues_categories" time="0.211" /><testcase classname="backend.tests.test_comprehensive_features.TestFitnessAPI" name="test_fitness_profile" time="0.300" /><testcase classname="backend.tests.test_comprehensive_features.TestFitnessAPI" name="test_fitness_leaderboard" time="0.332" /><testcase classname="backend.tests.test_comprehensive_features.TestFitnessAPI" name="test_fitness_log_steps" time="0.321"><failure message="assert 404 in [200, 201]&#10; +  where 404 = &lt;Response [404]&gt;.status_code">backend/tests/test_comprehensive_features.py:326: in test_fitness_log_steps
    assert response.status_code in [200, 201]
E   assert 404 in [200, 201]
E    +  where 404 = &lt;Response [404]&gt;.status_code</failure></testcase><testcase classname="backend.tests.test_comprehensive_features.TestManagerAPI" name="test_manager_list" time="0.217"><failure message="assert 401 in [200, 404]&#10; +  where 401 = &lt;Response [401]&gt;.status_code">backend/tests/test_comprehensive_features.py:346: in test_manager_list
    assert response.status_code in [200, 404]
E   assert 401 in [200, 404]
E    +  where 401 = &lt;Response [401]&gt;.status_code</failure></testcase><testcase classname="backend.tests.test_comprehensive_features.TestManagerAPI" name="test_manager_dashboard" time="0.215"><failure message="assert 405 in [200, 403, 404]&#10; +  where 405 = &lt;Response [405]&gt;.status_code">backend/tests/test_comprehensive_features.py:352: in test_manager_dashboard
    assert response.status_code in [200, 403, 404]
E   assert 405 in [200, 403, 404]
E    +  where 405 = &lt;Response [405]&gt;.status_code</failure></testcase><testcase classname="backend.tests.test_comprehensive_features.TestCloneAPI" name="test_clone_areas" time="0.206"><failure message="assert 405 in [200, 404]&#10; +  where 405 = &lt;Response [405]&gt;.status_code">backend/tests/test_comprehensive_features.py:372: in test_clone_areas
    assert response.status_code in [200, 404]
E   assert 405 in [200, 404]
E    +  where 405 = &lt;Response [405]&gt;.status_code</failure></testcase><testcase classname="backend.tests.test_comprehensive_features.TestCloneAPI" name="test_clone_generate_config" time="0.204"><failure message="assert 405 in [200, 400, 404, 422]&#10; +  where 405 = &lt;Response [405]&gt;.status_code">backend/tests/test_comprehensive_features.py:386: in test_clone_generate_config
    assert response.status_code in [200, 400, 404, 422]
E   assert 405 in [200, 400, 404, 422]
E    +  where 405 = &lt;Response [405]&gt;.status_code</failure></testcase><testcase classname="backend.tests.test_comprehensive_features.TestSettingsAPI" name="test_get_branding" time="0.220" /><testcase classname="backend.tests.test_comprehensive_features.TestReportsAPI" name="test_reports_available" time="0.202"><failure message="assert 401 in [200, 404]&#10; +  where 401 = &lt;Response [401]&gt;.status_code">backend/tests/test_comprehensive_features.py:426: in test_reports_available
    assert response.status_code in [200, 404]
E   assert 401 in [200, 404]
E    +  where 401 = &lt;Response [401]&gt;.status_code</failure></testcase><testcase classname="backend.tests.test_comprehensive_features.TestReportsAPI" name="test_admin_reports_users" time="0.210" /><testcase classname="backend.tests.test_comprehensive_features.TestLiveActivityAPI" name="test_activity_start" time="0.302" /></testsuite></testsuites>