<?xml version="1.0" encoding="utf-8"?><testsuites name="pytest tests"><testsuite name="pytest" errors="0" failures="0" skipped="0" tests="11" time="2.782" timestamp="2026-02-20T05:51:14.533967+00:00" hostname="agent-env-19dfcffa-4ccb-4795-96dd-23d8685fcd5a"><testcase classname="backend.tests.test_water_meal_endpoints.TestWaterMealEndpoints" name="test_get_water_initial" time="0.314" /><testcase classname="backend.tests.test_water_meal_endpoints.TestWaterMealEndpoints" name="test_post_water_log_glasses" time="0.261" /><testcase classname="backend.tests.test_water_meal_endpoints.TestWaterMealEndpoints" name="test_water_persistence_verify" time="0.286" /><testcase classname="backend.tests.test_water_meal_endpoints.TestWaterMealEndpoints" name="test_get_meals_initial" time="0.221" /><testcase classname="backend.tests.test_water_meal_endpoints.TestWaterMealEndpoints" name="test_post_meal_with_known_food" time="0.225" /><testcase classname="backend.tests.test_water_meal_endpoints.TestWaterMealEndpoints" name="test_post_meal_with_custom_calories" time="0.289" /><testcase classname="backend.tests.test_water_meal_endpoints.TestWaterMealEndpoints" name="test_meal_persistence_verify" time="0.253" /><testcase classname="backend.tests.test_water_meal_endpoints.TestWaterMealEndpoints" name="test_meal_summary_totals" time="0.207" /><testcase classname="backend.tests.test_water_meal_endpoints.TestWaterMealEndpoints" name="test_get_foods_database" time="0.202" /><testcase classname="backend.tests.test_water_meal_endpoints.TestKaizerFitDataIntegration" name="test_water_endpoint_returns_correct_structure" time="0.250" /><testcase classname="backend.tests.test_water_meal_endpoints.TestKaizerFitDataIntegration" name="test_meals_endpoint_returns_correct_structure" time="0.207" /></testsuite></testsuites>