<?xml version="1.0" encoding="utf-8"?><testsuites name="pytest tests"><testsuite name="pytest" errors="0" failures="2" skipped="0" tests="18" time="5.772" timestamp="2026-02-19T11:27:59.329309+00:00" hostname="agent-env-0d9762d9-6e3f-424d-afa4-d470415c3981"><testcase classname="backend.tests.test_shop_two_tier_points.TestWalletDualBalance" name="test_wallet_returns_both_balances" time="0.514" /><testcase classname="backend.tests.test_shop_two_tier_points.TestProductPointType" name="test_create_product_with_point_type_normal" time="0.369" /><testcase classname="backend.tests.test_shop_two_tier_points.TestProductPointType" name="test_create_product_with_point_type_privilege" time="0.312" /><testcase classname="backend.tests.test_shop_two_tier_points.TestProductPointType" name="test_create_product_with_point_type_both" time="0.328" /><testcase classname="backend.tests.test_shop_two_tier_points.TestProductPointType" name="test_products_list_shows_point_type_fields" time="0.323" /><testcase classname="backend.tests.test_shop_two_tier_points.TestBulkPrivilegePoints" name="test_bulk_privilege_endpoint_exists" time="0.318" /><testcase classname="backend.tests.test_shop_two_tier_points.TestBulkPrivilegePoints" name="test_bulk_privilege_rejects_zero_points" time="0.360" /><testcase classname="backend.tests.test_shop_two_tier_points.TestBulkPrivilegePoints" name="test_bulk_privilege_requires_admin" time="0.299" /><testcase classname="backend.tests.test_shop_two_tier_points.TestAdminPointsAdjust" name="test_adjust_normal_points" time="0.646"><failure message="AssertionError: Expected 200, got 422: {&quot;detail&quot;:[{&quot;type&quot;:&quot;string_type&quot;,&quot;loc&quot;:[&quot;body&quot;,&quot;user_id&quot;],&quot;msg&quot;:&quot;Input should be a valid string&quot;,&quot;input&quot;:null,&quot;url&quot;:&quot;https://errors.pydantic.dev/2.12/v/string_type&quot;}]}&#10;assert 422 == 200&#10; +  where 422 = &lt;Response [422]&gt;.status_code">backend/tests/test_shop_two_tier_points.py:282: in test_adjust_normal_points
    assert response.status_code == 200, f"Expected 200, got {response.status_code}: {response.text}"
E   AssertionError: Expected 200, got 422: {"detail":[{"type":"string_type","loc":["body","user_id"],"msg":"Input should be a valid string","input":null,"url":"https://errors.pydantic.dev/2.12/v/string_type"}]}
E   assert 422 == 200
E    +  where 422 = &lt;Response [422]&gt;.status_code</failure></testcase><testcase classname="backend.tests.test_shop_two_tier_points.TestAdminPointsAdjust" name="test_adjust_privilege_points" time="0.702"><failure message="AssertionError: Expected 200, got 422: {&quot;detail&quot;:[{&quot;type&quot;:&quot;string_type&quot;,&quot;loc&quot;:[&quot;body&quot;,&quot;user_id&quot;],&quot;msg&quot;:&quot;Input should be a valid string&quot;,&quot;input&quot;:null,&quot;url&quot;:&quot;https://errors.pydantic.dev/2.12/v/string_type&quot;}]}&#10;assert 422 == 200&#10; +  where 422 = &lt;Response [422]&gt;.status_code">backend/tests/test_shop_two_tier_points.py:305: in test_adjust_privilege_points
    assert response.status_code == 200, f"Expected 200, got {response.status_code}: {response.text}"
E   AssertionError: Expected 200, got 422: {"detail":[{"type":"string_type","loc":["body","user_id"],"msg":"Input should be a valid string","input":null,"url":"https://errors.pydantic.dev/2.12/v/string_type"}]}
E   assert 422 == 200
E    +  where 422 = &lt;Response [422]&gt;.status_code</failure></testcase><testcase classname="backend.tests.test_shop_two_tier_points.TestDumpyardInfo" name="test_dumpyard_info_returns_pollution_zones" time="0.106" /><testcase classname="backend.tests.test_shop_two_tier_points.TestDumpyardInfo" name="test_dumpyard_info_returns_health_risks" time="0.099" /><testcase classname="backend.tests.test_shop_two_tier_points.TestDumpyardInfo" name="test_dumpyard_info_returns_affected_groups" time="0.106" /><testcase classname="backend.tests.test_shop_two_tier_points.TestDumpyardInfo" name="test_dumpyard_updates_endpoint" time="0.098" /><testcase classname="backend.tests.test_shop_two_tier_points.TestIssuesPage" name="test_issues_endpoint_works" time="0.104" /><testcase classname="backend.tests.test_shop_two_tier_points.TestIssuesPage" name="test_issues_with_category_filter" time="0.097" /><testcase classname="backend.tests.test_shop_two_tier_points.TestIssuesPage" name="test_issues_with_status_filter" time="0.102" /><testcase classname="backend.tests.test_shop_two_tier_points.TestCleanup" name="test_cleanup_test_products" time="0.774" /></testsuite></testsuites>