<?xml version="1.0" encoding="utf-8"?><testsuites name="pytest tests"><testsuite name="pytest" errors="0" failures="0" skipped="0" tests="14" time="1.890" timestamp="2026-02-19T10:46:16.453695+00:00" hostname="agent-env-7fe0b1a6-5b82-459e-8fae-bf2023cdb1a0"><testcase classname="tests.test_new_features.TestAuthentication" name="test_otp_login_works" time="0.265" /><testcase classname="tests.test_new_features.TestGiftShop" name="test_wallet_endpoint" time="0.245" /><testcase classname="tests.test_new_features.TestGiftShop" name="test_products_endpoint" time="0.100" /><testcase classname="tests.test_new_features.TestGiftShop" name="test_orders_endpoint" time="0.099" /><testcase classname="tests.test_new_features.TestGiftShop" name="test_categories_endpoint" time="0.108" /><testcase classname="tests.test_new_features.TestFitness" name="test_activity_types_endpoint" time="0.092" /><testcase classname="tests.test_new_features.TestFitness" name="test_profile_check_endpoint" time="0.198" /><testcase classname="tests.test_new_features.TestFitness" name="test_profile_create_endpoint" time="0.095" /><testcase classname="tests.test_new_features.TestFitness" name="test_manual_record_with_custom_date" time="0.103" /><testcase classname="tests.test_new_features.TestFitness" name="test_cannot_record_future_date" time="0.099" /><testcase classname="tests.test_new_features.TestFitness" name="test_dashboard_endpoint" time="0.120" /><testcase classname="tests.test_new_features.TestFitness" name="test_streaks_endpoint" time="0.099" /><testcase classname="tests.test_new_features.TestFitness" name="test_badges_endpoint" time="0.105" /><testcase classname="tests.test_new_features.TestLanguageDefault" name="test_otp_sent_successfully" time="0.095" /></testsuite></testsuites>