<?xml version="1.0" encoding="utf-8"?><testsuites name="pytest tests"><testsuite name="pytest" errors="0" failures="0" skipped="0" tests="23" time="14.926" timestamp="2026-02-22T11:33:13.066465+00:00" hostname="agent-env-3fe9cb25-332c-471e-9c5e-8e25627b72e4"><testcase classname="backend.tests.test_qa_iteration_43.TestHealthAndBasics" name="test_health_check" time="0.136" /><testcase classname="backend.tests.test_qa_iteration_43.TestAuthFlows" name="test_otp_send_test_number" time="0.133" /><testcase classname="backend.tests.test_qa_iteration_43.TestAuthFlows" name="test_otp_verify_test_number" time="0.272" /><testcase classname="backend.tests.test_qa_iteration_43.TestAuthFlows" name="test_admin_password_login" time="0.100" /><testcase classname="backend.tests.test_qa_iteration_43.TestAuthFlows" name="test_admin_login_invalid_password" time="0.120" /><testcase classname="backend.tests.test_qa_iteration_43.TestAuthFlows" name="test_manager_otp_login" time="0.262" /><testcase classname="backend.tests.test_qa_iteration_43.TestEducationModule" name="test_get_courses" time="0.132" /><testcase classname="backend.tests.test_qa_iteration_43.TestEducationModule" name="test_get_course_categories" time="0.100" /><testcase classname="backend.tests.test_qa_iteration_43.TestEducationModule" name="test_get_specific_course" time="0.230" /><testcase classname="backend.tests.test_qa_iteration_43.TestEducationModule" name="test_get_course_subjects" time="0.208" /><testcase classname="backend.tests.test_qa_iteration_43.TestEducationModule" name="test_instructor_dashboard" time="0.230" /><testcase classname="backend.tests.test_qa_iteration_43.TestEducationModule" name="test_instructor_courses" time="0.232" /><testcase classname="backend.tests.test_qa_iteration_43.TestNewsModule" name="test_news_local" time="7.379" /><testcase classname="backend.tests.test_qa_iteration_43.TestNewsModule" name="test_news_categories" time="0.121" /><testcase classname="backend.tests.test_qa_iteration_43.TestNewsModule" name="test_news_by_category" time="3.636" /><testcase classname="backend.tests.test_qa_iteration_43.TestIssuesModule" name="test_get_issues" time="0.103" /><testcase classname="backend.tests.test_qa_iteration_43.TestIssuesModule" name="test_issues_categories" time="0.101" /><testcase classname="backend.tests.test_qa_iteration_43.TestBenefitsModule" name="test_get_benefits" time="0.095" /><testcase classname="backend.tests.test_qa_iteration_43.TestBenefitsModule" name="test_benefits_schemes" time="0.098" /><testcase classname="backend.tests.test_qa_iteration_43.TestAQIWidget" name="test_aqi_current" time="0.537" /><testcase classname="backend.tests.test_qa_iteration_43.TestStaffPortals" name="test_admin_stats" time="0.198" /><testcase classname="backend.tests.test_qa_iteration_43.TestStaffPortals" name="test_manager_list" time="0.205" /><testcase classname="backend.tests.test_qa_iteration_43.TestStaffPortals" name="test_settings_branding" time="0.226" /></testsuite></testsuites>