<?xml version="1.0" encoding="utf-8"?><testsuites name="pytest tests"><testsuite name="pytest" errors="0" failures="1" skipped="0" tests="18" time="7.161" timestamp="2026-02-18T21:52:08.614005+00:00" hostname="agent-env-2e476011-e268-4b2f-9d53-40016bc9e096"><testcase classname="backend.tests.test_live_activity.TestAuth" name="test_auth_works" time="0.315" /><testcase classname="backend.tests.test_live_activity.TestLiveActivityStart" name="test_start_running_activity" time="0.700" /><testcase classname="backend.tests.test_live_activity.TestLiveActivityStart" name="test_start_walking_activity" time="0.312" /><testcase classname="backend.tests.test_live_activity.TestLiveActivityStart" name="test_start_yoga_activity" time="0.316" /><testcase classname="backend.tests.test_live_activity.TestLiveActivityStart" name="test_start_cycling_activity" time="0.267" /><testcase classname="backend.tests.test_live_activity.TestLiveActivityStart" name="test_start_invalid_activity_type" time="0.116" /><testcase classname="backend.tests.test_live_activity.TestLiveActivityStart" name="test_start_activity_with_targets" time="0.266" /><testcase classname="backend.tests.test_live_activity.TestLiveActivityUpdate" name="test_update_activity_stats" time="0.680" /><testcase classname="backend.tests.test_live_activity.TestLiveActivityUpdate" name="test_update_with_gps_points" time="0.444" /><testcase classname="backend.tests.test_live_activity.TestLiveActivityUpdate" name="test_update_invalid_session" time="0.172" /><testcase classname="backend.tests.test_live_activity.TestLiveActivityEnd" name="test_end_activity_and_save" time="0.672" /><testcase classname="backend.tests.test_live_activity.TestLiveActivityEnd" name="test_end_activity_with_gps_route" time="0.345" /><testcase classname="backend.tests.test_live_activity.TestLiveActivityEnd" name="test_end_invalid_session" time="0.206" /><testcase classname="backend.tests.test_live_activity.TestLiveActivityActive" name="test_get_active_session" time="0.742"><failure message="AssertionError: assert '359b9eee-a07...-969936b03235' == 'df9d20cf-13f...-90db40d4bc66'&#10;  &#10;  - df9d20cf-13f3-40b8-9674-90db40d4bc66&#10;  + 359b9eee-a07a-423f-964a-969936b03235">backend/tests/test_live_activity.py:349: in test_get_active_session
    assert data["active_session"]["id"] == session_id
E   AssertionError: assert '359b9eee-a07...-969936b03235' == 'df9d20cf-13f...-90db40d4bc66'
E     
E     - df9d20cf-13f3-40b8-9674-90db40d4bc66
E     + 359b9eee-a07a-423f-964a-969936b03235</failure></testcase><testcase classname="backend.tests.test_live_activity.TestLiveActivityActive" name="test_no_active_session" time="0.145" /><testcase classname="backend.tests.test_live_activity.TestLiveActivityCancel" name="test_cancel_activity" time="0.704" /><testcase classname="backend.tests.test_live_activity.TestLiveActivityHistory" name="test_get_live_activity_history" time="0.549" /><testcase classname="backend.tests.test_live_activity.TestActivityTypes" name="test_get_activity_types" time="0.108" /></testsuite></testsuites>