<?xml version="1.0" encoding="utf-8"?><testsuites name="pytest tests"><testsuite name="pytest" errors="0" failures="1" skipped="0" tests="23" time="16.180" timestamp="2026-02-22T11:26:14.465554+00:00" hostname="agent-env-3fe9cb25-332c-471e-9c5e-8e25627b72e4"><testcase classname="backend.tests.test_qa_iteration_43.TestHealthAndBasics" name="test_health_check" time="0.175" /><testcase classname="backend.tests.test_qa_iteration_43.TestAuthFlows" name="test_otp_send_test_number" time="0.100" /><testcase classname="backend.tests.test_qa_iteration_43.TestAuthFlows" name="test_otp_verify_test_number" time="0.265" /><testcase classname="backend.tests.test_qa_iteration_43.TestAuthFlows" name="test_admin_password_login" time="0.103" /><testcase classname="backend.tests.test_qa_iteration_43.TestAuthFlows" name="test_admin_login_invalid_password" time="0.113" /><testcase classname="backend.tests.test_qa_iteration_43.TestAuthFlows" name="test_manager_otp_login" time="0.239" /><testcase classname="backend.tests.test_qa_iteration_43.TestEducationModule" name="test_get_courses" time="0.103" /><testcase classname="backend.tests.test_qa_iteration_43.TestEducationModule" name="test_get_course_categories" time="0.115" /><testcase classname="backend.tests.test_qa_iteration_43.TestEducationModule" name="test_get_specific_course" time="0.230" /><testcase classname="backend.tests.test_qa_iteration_43.TestEducationModule" name="test_get_course_subjects" time="0.206" /><testcase classname="backend.tests.test_qa_iteration_43.TestEducationModule" name="test_instructor_dashboard" time="0.212" /><testcase classname="backend.tests.test_qa_iteration_43.TestEducationModule" name="test_instructor_courses" time="0.215" /><testcase classname="backend.tests.test_qa_iteration_43.TestNewsModule" name="test_news_local" time="7.946" /><testcase classname="backend.tests.test_qa_iteration_43.TestNewsModule" name="test_news_categories" time="0.126" /><testcase classname="backend.tests.test_qa_iteration_43.TestNewsModule" name="test_news_by_category" time="3.645" /><testcase classname="backend.tests.test_qa_iteration_43.TestIssuesModule" name="test_get_issues" time="0.110" /><testcase classname="backend.tests.test_qa_iteration_43.TestIssuesModule" name="test_issues_categories" time="0.097" /><testcase classname="backend.tests.test_qa_iteration_43.TestBenefitsModule" name="test_get_benefits" time="0.108"><failure message="AttributeError: 'list' object has no attribute 'get'">backend/tests/test_qa_iteration_43.py:274: in test_get_benefits
    benefits = data.get("benefits", [])
               ^^^^^^^^
E   AttributeError: 'list' object has no attribute 'get'</failure></testcase><testcase classname="backend.tests.test_qa_iteration_43.TestBenefitsModule" name="test_benefits_schemes" time="0.096" /><testcase classname="backend.tests.test_qa_iteration_43.TestAQIWidget" name="test_aqi_current" time="1.190" /><testcase classname="backend.tests.test_qa_iteration_43.TestStaffPortals" name="test_admin_stats" time="0.243" /><testcase classname="backend.tests.test_qa_iteration_43.TestStaffPortals" name="test_manager_list" time="0.217" /><testcase classname="backend.tests.test_qa_iteration_43.TestStaffPortals" name="test_settings_branding" time="0.226" /></testsuite></testsuites>