<?xml version="1.0" encoding="utf-8"?><testsuites name="pytest tests"><testsuite name="pytest" errors="0" failures="0" skipped="0" tests="15" time="2.142" timestamp="2026-02-20T09:29:23.939026+00:00" hostname="agent-env-9764b69e-caa8-4258-9a31-f0edbb2890a0"><testcase classname="backend.tests.test_astrology_module.TestAstrologyKundaliAPI" name="test_kundali_with_valid_data" time="0.234" /><testcase classname="backend.tests.test_astrology_module.TestAstrologyKundaliAPI" name="test_kundali_with_free_text_city" time="0.103" /><testcase classname="backend.tests.test_astrology_module.TestAstrologyKundaliAPI" name="test_kundali_with_unknown_city_defaults_to_hyderabad" time="0.100" /><testcase classname="backend.tests.test_astrology_module.TestAstrologyKundaliAPI" name="test_kundali_dammaiguda_city" time="0.137" /><testcase classname="backend.tests.test_astrology_module.TestAstrologyKundaliAPI" name="test_kundali_planetary_positions" time="0.121" /><testcase classname="backend.tests.test_astrology_module.TestAstrologyKundaliAPI" name="test_kundali_houses_chart" time="0.103" /><testcase classname="backend.tests.test_astrology_module.TestAstrologyKundaliAPI" name="test_kundali_dasha_periods" time="0.129" /><testcase classname="backend.tests.test_astrology_module.TestAstrologyKundaliAPI" name="test_kundali_nakshatra_and_moon_sign" time="0.117" /><testcase classname="backend.tests.test_astrology_module.TestAstrologyHelperEndpoints" name="test_get_cities_list" time="0.112" /><testcase classname="backend.tests.test_astrology_module.TestAstrologyHelperEndpoints" name="test_get_rashis_list" time="0.107" /><testcase classname="backend.tests.test_astrology_module.TestAstrologyHelperEndpoints" name="test_get_nakshatras_list" time="0.137" /><testcase classname="backend.tests.test_astrology_module.TestMarriageCompatibility" name="test_kundali_for_boy_and_girl" time="0.224" /><testcase classname="backend.tests.test_astrology_module.TestKundaliEdgeCases" name="test_kundali_with_midnight_birth" time="0.130" /><testcase classname="backend.tests.test_astrology_module.TestKundaliEdgeCases" name="test_kundali_with_late_night_birth" time="0.099" /><testcase classname="backend.tests.test_astrology_module.TestKundaliEdgeCases" name="test_kundali_case_insensitive_city" time="0.197" /></testsuite></testsuites>