<?xml version="1.0" encoding="utf-8"?><testsuites name="pytest tests"><testsuite name="pytest" errors="0" failures="0" skipped="0" tests="9" time="4.275" timestamp="2026-02-19T08:20:53.433408+00:00" hostname="agent-env-12231cbd-79dd-4827-987d-8e486800bd82"><testcase classname="backend.tests.test_education_module.TestEducationModule" name="test_get_courses_list" time="0.542" /><testcase classname="backend.tests.test_education_module.TestEducationModule" name="test_get_course_categories" time="0.405" /><testcase classname="backend.tests.test_education_module.TestEducationModule" name="test_get_course_detail_with_lessons" time="0.523" /><testcase classname="backend.tests.test_education_module.TestEducationModule" name="test_get_python_course_with_quiz" time="0.557" /><testcase classname="backend.tests.test_education_module.TestEducationModule" name="test_course_enrollment" time="0.581" /><testcase classname="backend.tests.test_education_module.TestEducationModule" name="test_my_courses" time="0.402" /><testcase classname="backend.tests.test_education_module.TestEducationModule" name="test_my_stats" time="0.395" /><testcase classname="backend.tests.test_education_module.TestFitnessBadges" name="test_get_badges" time="0.420" /><testcase classname="backend.tests.test_education_module.TestAdminEducation" name="test_admin_stats" time="0.363" /></testsuite></testsuites>