<?xml version="1.0" encoding="utf-8"?><testsuites name="pytest tests"><testsuite name="pytest" errors="1" failures="0" skipped="0" tests="13" time="4.237" timestamp="2026-02-19T16:40:14.455970+00:00" hostname="agent-env-a55eadea-d204-454e-b811-e84190744a71"><testcase classname="backend.tests.test_cms_aqi.TestDumpYardCMS" name="test_get_dumpyard_config_public" time="0.206" /><testcase classname="backend.tests.test_cms_aqi.TestDumpYardCMS" name="test_get_dumpyard_has_health_risks" time="0.116" /><testcase classname="backend.tests.test_cms_aqi.TestDumpYardCMS" name="test_get_dumpyard_has_affected_groups" time="0.324" /><testcase classname="backend.tests.test_cms_aqi.TestDumpYardCMS" name="test_update_dumpyard_config_admin" time="0.246"><error message="failed on setup with &quot;AssertionError: Failed to verify OTP: {&quot;detail&quot;:[{&quot;type&quot;:&quot;missing&quot;,&quot;loc&quot;:[&quot;body&quot;,&quot;otp&quot;],&quot;msg&quot;:&quot;Field required&quot;,&quot;input&quot;:{&quot;phone&quot;:&quot;+919999999999&quot;,&quot;code&quot;:&quot;123456&quot;},&quot;url&quot;:&quot;https://errors.pydantic.dev/2.12/v/missing&quot;}]}&#10;assert 422 == 200&#10; +  where 422 = &lt;Response [422]&gt;.status_code&quot;">backend/tests/test_cms_aqi.py:27: in admin_token
    assert response.status_code == 200, f"Failed to verify OTP: {response.text}"
E   AssertionError: Failed to verify OTP: {"detail":[{"type":"missing","loc":["body","otp"],"msg":"Field required","input":{"phone":"+919999999999","code":"123456"},"url":"https://errors.pydantic.dev/2.12/v/missing"}]}
E   assert 422 == 200
E    +  where 422 = &lt;Response [422]&gt;.status_code</error></testcase><testcase classname="backend.tests.test_cms_aqi.TestDumpYardCMS" name="test_update_dumpyard_requires_auth" time="0.171" /><testcase classname="backend.tests.test_cms_aqi.TestAQIWebCrawl" name="test_get_aqi_both" time="0.554" /><testcase classname="backend.tests.test_cms_aqi.TestAQIWebCrawl" name="test_get_aqi_dammaiguda" time="0.362" /><testcase classname="backend.tests.test_cms_aqi.TestAQIWebCrawl" name="test_get_aqi_hyderabad" time="0.692" /><testcase classname="backend.tests.test_cms_aqi.TestAQIWebCrawl" name="test_aqi_has_health_impact" time="0.555" /><testcase classname="backend.tests.test_cms_aqi.TestAQIWebCrawl" name="test_aqi_has_category_info" time="0.507" /><testcase classname="backend.tests.test_cms_aqi.TestContentManagementEndpoints" name="test_get_banners" time="0.138" /><testcase classname="backend.tests.test_cms_aqi.TestContentManagementEndpoints" name="test_get_benefits" time="0.133" /><testcase classname="backend.tests.test_cms_aqi.TestContentManagementEndpoints" name="test_get_all_content" time="0.136" /></testsuite></testsuites>