<?xml version="1.0" encoding="utf-8"?><testsuites name="pytest tests"><testsuite name="pytest" errors="0" failures="0" skipped="0" tests="18" time="3.483" timestamp="2026-02-19T15:08:07.495880+00:00" hostname="agent-env-80eabeda-d842-4475-9fcf-b8031c9b291c"><testcase classname="tests.test_device_sync_templates.TestFitnessTodayStats" name="test_today_stats_returns_200" time="0.603" /><testcase classname="tests.test_device_sync_templates.TestFitnessTodayStats" name="test_today_stats_returns_expected_fields" time="0.158" /><testcase classname="tests.test_device_sync_templates.TestFitnessWeeklySummary" name="test_weekly_summary_returns_200" time="0.195" /><testcase classname="tests.test_device_sync_templates.TestFitnessWeeklySummary" name="test_weekly_summary_returns_7_days" time="0.139" /><testcase classname="tests.test_device_sync_templates.TestFitnessDevices" name="test_get_devices_returns_200" time="0.137" /><testcase classname="tests.test_device_sync_templates.TestFitnessDevices" name="test_get_devices_returns_expected_structure" time="0.143" /><testcase classname="tests.test_device_sync_templates.TestFitnessDevices" name="test_connect_device_success" time="0.138" /><testcase classname="tests.test_device_sync_templates.TestFitnessDevices" name="test_connect_fitbit_device" time="0.131" /><testcase classname="tests.test_device_sync_templates.TestFitnessDevices" name="test_connect_mi_band_device" time="0.140" /><testcase classname="tests.test_device_sync_templates.TestFitnessDevices" name="test_disconnect_device" time="0.286" /><testcase classname="tests.test_device_sync_templates.TestFitnessSyncAll" name="test_sync_all_returns_200" time="0.161" /><testcase classname="tests.test_device_sync_templates.TestTemplates" name="test_get_templates_returns_200" time="0.355" /><testcase classname="tests.test_device_sync_templates.TestTemplates" name="test_get_templates_returns_array" time="0.117" /><testcase classname="tests.test_device_sync_templates.TestTemplates" name="test_get_templates_with_category_filter" time="0.124" /><testcase classname="tests.test_device_sync_templates.TestTemplates" name="test_template_has_expected_fields" time="0.153" /><testcase classname="tests.test_device_sync_templates.TestUnauthenticatedAccess" name="test_today_stats_requires_auth" time="0.129" /><testcase classname="tests.test_device_sync_templates.TestUnauthenticatedAccess" name="test_weekly_summary_requires_auth" time="0.129" /><testcase classname="tests.test_device_sync_templates.TestUnauthenticatedAccess" name="test_devices_requires_auth" time="0.174" /></testsuite></testsuites>