<?xml version="1.0" encoding="utf-8"?><testsuites name="pytest tests"><testsuite name="pytest" errors="0" failures="1" skipped="0" tests="19" time="2.092" timestamp="2026-02-22T11:53:47.574246+00:00" hostname="agent-env-3fe9cb25-332c-471e-9c5e-8e25627b72e4"><testcase classname="backend.tests.test_student_course_experience.TestPublicCourseAccess" name="test_courses_list_public" time="0.244" /><testcase classname="backend.tests.test_student_course_experience.TestPublicCourseAccess" name="test_course_categories_public" time="0.111" /><testcase classname="backend.tests.test_student_course_experience.TestPublicCourseAccess" name="test_fullstack_course_exists" time="0.104" /><testcase classname="backend.tests.test_student_course_experience.TestCourseDetailsAuthenticated" name="test_get_course_details" time="0.320" /><testcase classname="backend.tests.test_student_course_experience.TestCourseDetailsAuthenticated" name="test_course_subjects" time="0.053" /><testcase classname="backend.tests.test_student_course_experience.TestCourseEnrollment" name="test_enroll_in_course" time="0.062" /><testcase classname="backend.tests.test_student_course_experience.TestCourseEnrollment" name="test_verify_enrollment" time="0.055" /><testcase classname="backend.tests.test_student_course_experience.TestCourseEnrollment" name="test_my_courses_shows_enrolled" time="0.057" /><testcase classname="backend.tests.test_student_course_experience.TestFirstLessonAccess" name="test_first_lesson_is_free_preview" time="0.058" /><testcase classname="backend.tests.test_student_course_experience.TestFirstLessonAccess" name="test_access_first_lesson" time="0.127" /><testcase classname="backend.tests.test_student_course_experience.TestLessonCompletion" name="test_mark_first_lesson_complete" time="0.130" /><testcase classname="backend.tests.test_student_course_experience.TestLessonCompletion" name="test_progress_updated" time="0.055" /><testcase classname="backend.tests.test_student_course_experience.TestSequentialLearningAccess" name="test_access_second_lesson_after_first_complete" time="0.105" /><testcase classname="backend.tests.test_student_course_experience.TestSequentialLearningAccess" name="test_skip_to_third_lesson_blocked" time="0.114"><failure message="AssertionError: Third lesson should be BLOCKED without completing second. Got: 200 - {&quot;id&quot;:&quot;d8b2f22e-5d68-4c7b-ae6a-6fe6ca10275e&quot;,&quot;course_id&quot;:&quot;b326b25e-97ac-439b-a691-ec06996c8fad&quot;,&quot;subject_id&quot;:&quot;d78c5534-f3cb-40ec-8db6-6317c8eae1aa&quot;,&quot;title&quot;:&quot;CSS Styling Basics&quot;,&quot;title_te&quot;:&quot;CSS స్టైలింగ్ ప్రాథమికాలు&quot;,&quot;description&quot;:&quot;Style your web pages with CSS selectors and properties&quot;,&quot;video_url&quot;:&quot;https://www.youtube.com/watch?v=1PnVor36_40&quot;,&quot;video_duration_seconds&quot;:0,&quot;content_html&quot;:null,&quot;duration_minutes&quot;:50,&quot;order_index&quot;:2,&quot;is_free_preview&quot;:false,&quot;pre_lesson_material&quot;:null,&quot;study_materials&quot;:[],&quot;requires_previous&quot;:true,&quot;created_at&quot;:&quot;2026-02-22T11:10:37.542160+00:00&quot;}&#10;assert 200 == 403&#10; +  where 200 = &lt;Response [200]&gt;.status_code">backend/tests/test_student_course_experience.py:298: in test_skip_to_third_lesson_blocked
    assert lesson_response.status_code == 403, \
E   AssertionError: Third lesson should be BLOCKED without completing second. Got: 200 - {"id":"d8b2f22e-5d68-4c7b-ae6a-6fe6ca10275e","course_id":"b326b25e-97ac-439b-a691-ec06996c8fad","subject_id":"d78c5534-f3cb-40ec-8db6-6317c8eae1aa","title":"CSS Styling Basics","title_te":"CSS స్టైలింగ్ ప్రాథమికాలు","description":"Style your web pages with CSS selectors and properties","video_url":"https://www.youtube.com/watch?v=1PnVor36_40","video_duration_seconds":0,"content_html":null,"duration_minutes":50,"order_index":2,"is_free_preview":false,"pre_lesson_material":null,"study_materials":[],"requires_previous":true,"created_at":"2026-02-22T11:10:37.542160+00:00"}
E   assert 200 == 403
E    +  where 200 = &lt;Response [200]&gt;.status_code</failure></testcase><testcase classname="backend.tests.test_student_course_experience.TestSequentialLearningAccess" name="test_sequential_enforcement_on_javascript_subject" time="0.158" /><testcase classname="backend.tests.test_student_course_experience.TestProgressTracking" name="test_my_stats" time="0.060" /><testcase classname="backend.tests.test_student_course_experience.TestProgressTracking" name="test_progress_percentage_calculation" time="0.055" /><testcase classname="backend.tests.test_student_course_experience.TestCourseCurriculum" name="test_lessons_have_order_index" time="0.052" /><testcase classname="backend.tests.test_student_course_experience.TestCourseCurriculum" name="test_lessons_have_requires_previous" time="0.066" /></testsuite></testsuites>