<?xml version="1.0" encoding="utf-8"?><testsuites name="pytest tests"><testsuite name="pytest" errors="0" failures="0" skipped="0" tests="18" time="6.590" timestamp="2026-02-18T21:53:15.651662+00:00" hostname="agent-env-2e476011-e268-4b2f-9d53-40016bc9e096"><testcase classname="backend.tests.test_live_activity.TestAuth" name="test_auth_works" time="0.306" /><testcase classname="backend.tests.test_live_activity.TestLiveActivityStart" name="test_start_running_activity" time="0.583" /><testcase classname="backend.tests.test_live_activity.TestLiveActivityStart" name="test_start_walking_activity" time="0.272" /><testcase classname="backend.tests.test_live_activity.TestLiveActivityStart" name="test_start_yoga_activity" time="0.256" /><testcase classname="backend.tests.test_live_activity.TestLiveActivityStart" name="test_start_cycling_activity" time="0.264" /><testcase classname="backend.tests.test_live_activity.TestLiveActivityStart" name="test_start_invalid_activity_type" time="0.160" /><testcase classname="backend.tests.test_live_activity.TestLiveActivityStart" name="test_start_activity_with_targets" time="0.242" /><testcase classname="backend.tests.test_live_activity.TestLiveActivityUpdate" name="test_update_activity_stats" time="0.732" /><testcase classname="backend.tests.test_live_activity.TestLiveActivityUpdate" name="test_update_with_gps_points" time="0.418" /><testcase classname="backend.tests.test_live_activity.TestLiveActivityUpdate" name="test_update_invalid_session" time="0.187" /><testcase classname="backend.tests.test_live_activity.TestLiveActivityEnd" name="test_end_activity_and_save" time="0.477" /><testcase classname="backend.tests.test_live_activity.TestLiveActivityEnd" name="test_end_activity_with_gps_route" time="0.269" /><testcase classname="backend.tests.test_live_activity.TestLiveActivityEnd" name="test_end_invalid_session" time="0.117" /><testcase classname="backend.tests.test_live_activity.TestLiveActivityActive" name="test_get_active_session" time="0.954" /><testcase classname="backend.tests.test_live_activity.TestLiveActivityActive" name="test_no_active_session" time="0.122" /><testcase classname="backend.tests.test_live_activity.TestLiveActivityCancel" name="test_cancel_activity" time="0.683" /><testcase classname="backend.tests.test_live_activity.TestLiveActivityHistory" name="test_get_live_activity_history" time="0.375" /><testcase classname="backend.tests.test_live_activity.TestActivityTypes" name="test_get_activity_types" time="0.117" /></testsuite></testsuites>