<?xml version="1.0" encoding="utf-8"?><testsuites name="pytest tests"><testsuite name="pytest" errors="0" failures="0" skipped="0" tests="15" time="7.272" timestamp="2026-02-19T12:37:08.145363+00:00" hostname="agent-env-0d9762d9-6e3f-424d-afa4-d470415c3981"><testcase classname="tests.test_news_fitness_p1.TestNewsEndpoints" name="test_news_categories" time="0.137" /><testcase classname="tests.test_news_fitness_p1.TestNewsEndpoints" name="test_news_local_category" time="1.380" /><testcase classname="tests.test_news_fitness_p1.TestNewsEndpoints" name="test_news_health_category" time="0.245" /><testcase classname="tests.test_news_fitness_p1.TestNewsEndpoints" name="test_news_sports_category" time="0.396" /><testcase classname="tests.test_news_fitness_p1.TestNewsEndpoints" name="test_news_education_category" time="0.106" /><testcase classname="tests.test_news_fitness_p1.TestNewsEndpoints" name="test_news_article_structure" time="1.706" /><testcase classname="tests.test_news_fitness_p1.TestCertificateOGEndpoint" name="test_certificate_og_endpoint_exists" time="0.003" /><testcase classname="tests.test_news_fitness_p1.TestCertificateOGEndpoint" name="test_certificate_og_contains_user_info" time="0.003" /><testcase classname="tests.test_news_fitness_p1.TestCertificateOGEndpoint" name="test_certificate_og_invalid_id" time="0.002" /><testcase classname="tests.test_news_fitness_p1.TestFitnessPointsSystem" name="test_fitness_points_config" time="0.167" /><testcase classname="tests.test_news_fitness_p1.TestFitnessPointsSystem" name="test_fitness_my_points_endpoint" time="0.335" /><testcase classname="tests.test_news_fitness_p1.TestFitnessPointsSystem" name="test_fitness_record_returns_points_awarded" time="0.122" /><testcase classname="tests.test_news_fitness_p1.TestFitnessPointsSystem" name="test_fitness_points_add_to_wallet" time="0.325" /><testcase classname="tests.test_news_fitness_p1.TestFitnessPointsSystem" name="test_fitness_activity_types" time="0.104" /><testcase classname="tests.test_news_fitness_p1.TestNewsReactionsAndShare" name="test_news_article_has_reactions" time="2.164" /></testsuite></testsuites>