<?xml version="1.0" encoding="utf-8"?><testsuites name="pytest tests"><testsuite name="pytest" errors="0" failures="0" skipped="0" tests="26" time="6.642" timestamp="2026-02-18T20:18:54.236259+00:00" hostname="agent-env-98962de7-04c7-4312-bfcd-2af670580630"><testcase classname="tests.test_citizen_wall.TestAuthentication" name="test_send_otp" time="0.529" /><testcase classname="tests.test_citizen_wall.TestAuthentication" name="test_verify_otp" time="0.303" /><testcase classname="tests.test_citizen_wall.TestWallPosts" name="test_get_posts_requires_auth" time="0.116" /><testcase classname="tests.test_citizen_wall.TestWallPosts" name="test_get_posts_with_auth" time="0.111" /><testcase classname="tests.test_citizen_wall.TestWallPosts" name="test_create_text_post" time="0.153" /><testcase classname="tests.test_citizen_wall.TestWallPosts" name="test_create_post_with_image" time="0.131" /><testcase classname="tests.test_citizen_wall.TestWallPosts" name="test_create_colony_post" time="0.141" /><testcase classname="tests.test_citizen_wall.TestWallPosts" name="test_create_empty_post_fails" time="0.136" /><testcase classname="tests.test_citizen_wall.TestWallPosts" name="test_filter_posts_by_visibility" time="0.313" /><testcase classname="tests.test_citizen_wall.TestPostLikes" name="test_like_post" time="0.328" /><testcase classname="tests.test_citizen_wall.TestPostLikes" name="test_unlike_post" time="0.414" /><testcase classname="tests.test_citizen_wall.TestPostLikes" name="test_like_nonexistent_post" time="0.235" /><testcase classname="tests.test_citizen_wall.TestPostComments" name="test_add_comment" time="0.360" /><testcase classname="tests.test_citizen_wall.TestPostComments" name="test_get_post_with_comments" time="0.519" /><testcase classname="tests.test_citizen_wall.TestPostComments" name="test_comment_on_nonexistent_post" time="0.124" /><testcase classname="tests.test_citizen_wall.TestGroups" name="test_create_public_group" time="0.244" /><testcase classname="tests.test_citizen_wall.TestGroups" name="test_create_private_group" time="0.131" /><testcase classname="tests.test_citizen_wall.TestGroups" name="test_get_my_groups" time="0.155" /><testcase classname="tests.test_citizen_wall.TestGroups" name="test_discover_groups" time="0.161" /><testcase classname="tests.test_citizen_wall.TestGroups" name="test_get_group_details" time="0.319" /><testcase classname="tests.test_citizen_wall.TestGroups" name="test_get_nonexistent_group" time="0.228" /><testcase classname="tests.test_citizen_wall.TestGroupMembership" name="test_leave_group" time="0.330" /><testcase classname="tests.test_citizen_wall.TestGroupMembership" name="test_leave_nonexistent_group" time="0.122" /><testcase classname="tests.test_citizen_wall.TestGroupInvites" name="test_get_group_invites" time="0.147" /><testcase classname="tests.test_citizen_wall.TestPostDeletion" name="test_delete_own_post" time="0.590" /><testcase classname="tests.test_citizen_wall.TestPostDeletion" name="test_delete_nonexistent_post" time="0.115" /></testsuite></testsuites>