<?xml version="1.0" encoding="utf-8"?><testsuites name="pytest tests"><testsuite name="pytest" errors="0" failures="0" skipped="0" tests="12" time="3.168" timestamp="2026-02-21T09:17:47.945403+00:00" hostname="agent-env-0d8dcc6d-c720-4060-905a-bad0a1ea9f0f"><testcase classname="backend.tests.test_enterprise_features.TestHealthEndpoint" name="test_health_returns_enterprise_features" time="0.205" /><testcase classname="backend.tests.test_enterprise_features.TestRateLimiting" name="test_otp_endpoint_has_rate_limit_decorator" time="0.112" /><testcase classname="backend.tests.test_enterprise_features.TestRateLimiting" name="test_verify_endpoint_works" time="0.213" /><testcase classname="backend.tests.test_enterprise_features.TestAnalyticsAPI" name="test_analytics_summary_requires_admin" time="0.101" /><testcase classname="backend.tests.test_enterprise_features.TestAnalyticsAPI" name="test_analytics_summary_returns_proper_structure" time="0.323" /><testcase classname="backend.tests.test_enterprise_features.TestAnalyticsAPI" name="test_analytics_active_users_endpoint" time="0.349" /><testcase classname="backend.tests.test_enterprise_features.TestAnalyticsAPI" name="test_analytics_export_endpoint" time="0.298" /><testcase classname="backend.tests.test_enterprise_features.TestChatAPI" name="test_chat_rooms_returns_online_count" time="0.390" /><testcase classname="backend.tests.test_enterprise_features.TestChatAPI" name="test_chat_rooms_returns_unread_count" time="0.357" /><testcase classname="backend.tests.test_enterprise_features.TestChatAPI" name="test_chat_rooms_have_required_fields" time="0.330" /><testcase classname="backend.tests.test_enterprise_features.TestChatAPI" name="test_presence_online_endpoint" time="0.327" /><testcase classname="backend.tests.test_enterprise_features.TestAdminDashboardRedirect" name="test_health_endpoint_accessible" time="0.109" /></testsuite></testsuites>