<?xml version="1.0" encoding="utf-8"?><testsuites name="pytest tests"><testsuite name="pytest" errors="0" failures="3" skipped="0" tests="36" time="28.918" timestamp="2026-02-18T20:43:59.182321+00:00" hostname="agent-env-98962de7-04c7-4312-bfcd-2af670580630"><testcase classname="backend.tests.test_session_features.TestNewsEndpoints" name="test_get_news_categories" time="0.213" /><testcase classname="backend.tests.test_session_features.TestNewsEndpoints" name="test_get_local_news" time="7.124" /><testcase classname="backend.tests.test_session_features.TestNewsEndpoints" name="test_get_news_feed_all_without_ai" time="0.713" /><testcase classname="backend.tests.test_session_features.TestNewsEndpoints" name="test_get_city_news" time="1.058" /><testcase classname="backend.tests.test_session_features.TestNewsEndpoints" name="test_get_national_news" time="1.693" /><testcase classname="backend.tests.test_session_features.TestNewsEndpoints" name="test_get_sports_news" time="1.382" /><testcase classname="backend.tests.test_session_features.TestNewsEndpoints" name="test_invalid_category" time="0.131" /><testcase classname="backend.tests.test_session_features.TestPhoneSensorSync" name="test_sync_phone_sensors" time="0.578" /><testcase classname="backend.tests.test_session_features.TestPhoneSensorSync" name="test_sync_phone_sensors_update_existing" time="0.139" /><testcase classname="backend.tests.test_session_features.TestPhoneSensorSync" name="test_sync_phone_sensors_requires_auth" time="0.146" /><testcase classname="backend.tests.test_session_features.TestSmartwatchSync" name="test_sync_smartwatch_data" time="0.264"><failure message="AssertionError: assert 'activity' in {'daily_summary': {'activity_count': 3, 'date': '2026-02-18', 'fitness_score': 100, 'total_calories': 772, ...}, 'success': True, 'synced_data': {'blood_oxygen': 98.5, 'heart_rate': 72, 'sleep': True, 'steps': 8000, ...}}">backend/tests/test_session_features.py:221: in test_sync_smartwatch_data
    assert "activity" in data
E   AssertionError: assert 'activity' in {'daily_summary': {'activity_count': 3, 'date': '2026-02-18', 'fitness_score': 100, 'total_calories': 772, ...}, 'success': True, 'synced_data': {'blood_oxygen': 98.5, 'heart_rate': 72, 'sleep': True, 'steps': 8000, ...}}</failure></testcase><testcase classname="backend.tests.test_session_features.TestSmartwatchSync" name="test_sync_smartwatch_minimal_data" time="0.185"><failure message="KeyError: 'activity'">backend/tests/test_session_features.py:242: in test_sync_smartwatch_minimal_data
    print(f"âœ“ Smartwatch minimal sync successful: {data['activity']['steps']} steps")
                                                   ^^^^^^^^^^^^^^^^
E   KeyError: 'activity'</failure></testcase><testcase classname="backend.tests.test_session_features.TestSmartwatchSync" name="test_sync_smartwatch_requires_auth" time="0.117" /><testcase classname="backend.tests.test_session_features.TestConnectedDevices" name="test_connect_device" time="0.189" /><testcase classname="backend.tests.test_session_features.TestConnectedDevices" name="test_connect_phone_device" time="0.224" /><testcase classname="backend.tests.test_session_features.TestConnectedDevices" name="test_get_connected_devices" time="0.134"><failure message="AssertionError: assert False&#10; +  where False = isinstance({'count': 2, 'devices': [{'connected_at': '2026-02-18T20:44:13.262179+00:00', 'device_brand': 'garmin', 'device_id': 'TEST_GARMIN_001', 'device_name': 'Garmin Venu 3', ...}, {'connected_at': '2026-02-18T20:44:13.442799+00:00', 'device_brand': 'samsung', 'device_id': None, 'device_name': 'Samsung Galaxy S24', ...}]}, list)">backend/tests/test_session_features.py:308: in test_get_connected_devices
    assert isinstance(data, list)
E   AssertionError: assert False
E    +  where False = isinstance({'count': 2, 'devices': [{'connected_at': '2026-02-18T20:44:13.262179+00:00', 'device_brand': 'garmin', 'device_id': 'TEST_GARMIN_001', 'device_name': 'Garmin Venu 3', ...}, {'connected_at': '2026-02-18T20:44:13.442799+00:00', 'device_brand': 'samsung', 'device_id': None, 'device_name': 'Samsung Galaxy S24', ...}]}, list)</failure></testcase><testcase classname="backend.tests.test_session_features.TestConnectedDevices" name="test_get_devices_requires_auth" time="0.133" /><testcase classname="backend.tests.test_session_features.TestFitnessDashboard" name="test_get_fitness_dashboard" time="0.140" /><testcase classname="backend.tests.test_session_features.TestFitnessDashboard" name="test_dashboard_requires_auth" time="0.117" /><testcase classname="backend.tests.test_session_features.TestPsychologistAI" name="test_psychologist_chat" time="4.357" /><testcase classname="backend.tests.test_session_features.TestPsychologistAI" name="test_psychologist_chat_with_assessment" time="5.473" /><testcase classname="backend.tests.test_session_features.TestPsychologistAI" name="test_psychologist_chat_requires_auth" time="0.714" /><testcase classname="backend.tests.test_session_features.TestMentalHealthAssessment" name="test_submit_assessment" time="0.508" /><testcase classname="backend.tests.test_session_features.TestMentalHealthAssessment" name="test_submit_assessment_high_stress" time="0.439" /><testcase classname="backend.tests.test_session_features.TestMentalHealthAssessment" name="test_assessment_requires_auth" time="0.570" /><testcase classname="backend.tests.test_session_features.TestPushNotifications" name="test_subscribe_push" time="0.234" /><testcase classname="backend.tests.test_session_features.TestPushNotifications" name="test_subscribe_push_update_existing" time="0.225" /><testcase classname="backend.tests.test_session_features.TestPushNotifications" name="test_subscribe_requires_auth" time="0.344" /><testcase classname="backend.tests.test_session_features.TestNotificationPreferences" name="test_get_preferences" time="0.184" /><testcase classname="backend.tests.test_session_features.TestNotificationPreferences" name="test_update_preferences" time="0.156" /><testcase classname="backend.tests.test_session_features.TestNotificationPreferences" name="test_verify_preferences_updated" time="0.122" /><testcase classname="backend.tests.test_session_features.TestNotificationPreferences" name="test_preferences_requires_auth" time="0.139" /><testcase classname="backend.tests.test_session_features.TestPendingNotifications" name="test_get_pending_notifications" time="0.118" /><testcase classname="backend.tests.test_session_features.TestPendingNotifications" name="test_get_notification_history" time="0.149" /><testcase classname="backend.tests.test_session_features.TestFitnessActivities" name="test_log_manual_activity" time="0.144" /><testcase classname="backend.tests.test_session_features.TestFitnessActivities" name="test_get_activities" time="0.148" /></testsuite></testsuites>