<?xml version="1.0" encoding="utf-8"?><testsuites name="pytest tests"><testsuite name="pytest" errors="0" failures="0" skipped="0" tests="24" time="12.393" timestamp="2026-02-18T19:33:32.863902+00:00" hostname="agent-env-6fe55c3c-2618-4da2-8903-ae6724dceef6"><testcase classname="backend.tests.test_phase2_features.TestNewsAPI" name="test_get_news_categories" time="0.264" /><testcase classname="backend.tests.test_phase2_features.TestNewsAPI" name="test_get_local_news" time="0.702" /><testcase classname="backend.tests.test_phase2_features.TestNewsAPI" name="test_get_national_news" time="0.359" /><testcase classname="backend.tests.test_phase2_features.TestNewsAPI" name="test_get_city_news" time="0.592" /><testcase classname="backend.tests.test_phase2_features.TestNewsAPI" name="test_get_state_news" time="0.664" /><testcase classname="backend.tests.test_phase2_features.TestNewsAPI" name="test_get_sports_news" time="1.192" /><testcase classname="backend.tests.test_phase2_features.TestNewsAPI" name="test_get_entertainment_news" time="0.280" /><testcase classname="backend.tests.test_phase2_features.TestNewsAPI" name="test_get_tech_news" time="0.233" /><testcase classname="backend.tests.test_phase2_features.TestNewsAPI" name="test_get_health_news" time="0.714" /><testcase classname="backend.tests.test_phase2_features.TestNewsAPI" name="test_get_business_news" time="0.274" /><testcase classname="backend.tests.test_phase2_features.TestNewsAPI" name="test_get_international_news" time="0.222" /><testcase classname="backend.tests.test_phase2_features.TestNewsAPI" name="test_invalid_category_returns_400" time="0.118" /><testcase classname="backend.tests.test_phase2_features.TestSOSAPI" name="test_get_sos_contacts_empty" time="0.441" /><testcase classname="backend.tests.test_phase2_features.TestSOSAPI" name="test_save_sos_contacts" time="0.555" /><testcase classname="backend.tests.test_phase2_features.TestSOSAPI" name="test_save_max_3_contacts" time="0.500" /><testcase classname="backend.tests.test_phase2_features.TestSOSAPI" name="test_trigger_sos_without_contacts" time="0.797" /><testcase classname="backend.tests.test_phase2_features.TestSOSAPI" name="test_trigger_sos_with_contacts" time="0.664" /><testcase classname="backend.tests.test_phase2_features.TestSOSAPI" name="test_get_sos_history" time="0.531" /><testcase classname="backend.tests.test_phase2_features.TestSOSAPI" name="test_sos_requires_auth" time="0.600" /><testcase classname="backend.tests.test_phase2_features.TestGeofenceAPI" name="test_create_geofence_requires_family_member" time="0.547" /><testcase classname="backend.tests.test_phase2_features.TestGeofenceAPI" name="test_get_geofences_for_member" time="0.639" /><testcase classname="backend.tests.test_phase2_features.TestGeofenceAPI" name="test_check_geofence_status_requires_family" time="0.528" /><testcase classname="backend.tests.test_phase2_features.TestGeofenceAPI" name="test_geofence_requires_auth" time="0.705" /><testcase classname="backend.tests.test_phase2_features.TestHealthEndpoint" name="test_health_endpoint" time="0.137" /></testsuite></testsuites>