<?xml version="1.0" encoding="utf-8"?><testsuites name="pytest tests"><testsuite name="pytest" errors="0" failures="0" skipped="0" tests="19" time="5.486" timestamp="2026-02-21T08:47:00.598915+00:00" hostname="agent-env-3b711917-860e-40e4-aaf2-949ea46f6aae"><testcase classname="backend.tests.test_muhurtam_notifications.TestMuhurtamEventTypes" name="test_event_types_returns_5_events" time="0.166" /><testcase classname="backend.tests.test_muhurtam_notifications.TestMuhurtamEventTypes" name="test_event_types_have_telugu_names" time="0.135" /><testcase classname="backend.tests.test_muhurtam_notifications.TestMuhurtamEventTypes" name="test_event_types_have_duration" time="0.102" /><testcase classname="backend.tests.test_muhurtam_notifications.TestMuhurtamCalculate" name="test_calculate_marriage_returns_score" time="0.099" /><testcase classname="backend.tests.test_muhurtam_notifications.TestMuhurtamCalculate" name="test_calculate_returns_rating" time="0.100" /><testcase classname="backend.tests.test_muhurtam_notifications.TestMuhurtamCalculate" name="test_calculate_returns_factors_and_warnings" time="0.108" /><testcase classname="backend.tests.test_muhurtam_notifications.TestMuhurtamCalculate" name="test_calculate_returns_auspicious_times" time="0.112" /><testcase classname="backend.tests.test_muhurtam_notifications.TestMuhurtamCalculate" name="test_calculate_invalid_event_type" time="0.113" /><testcase classname="backend.tests.test_muhurtam_notifications.TestMuhurtamCalculate" name="test_calculate_invalid_date_format" time="0.103" /><testcase classname="backend.tests.test_muhurtam_notifications.TestMuhurtamFindDates" name="test_find_dates_returns_results" time="0.100" /><testcase classname="backend.tests.test_muhurtam_notifications.TestMuhurtamFindDates" name="test_find_dates_sorted_by_score" time="0.104" /><testcase classname="backend.tests.test_muhurtam_notifications.TestMuhurtamFindDates" name="test_find_dates_include_tithi_nakshatra" time="0.096" /><testcase classname="backend.tests.test_muhurtam_notifications.TestNotificationsVAPID" name="test_vapid_public_key_returns_key" time="0.106" /><testcase classname="backend.tests.test_muhurtam_notifications.TestNotificationsPreferences" name="test_get_preferences_requires_auth" time="0.100" /><testcase classname="backend.tests.test_muhurtam_notifications.TestNotificationsPreferences" name="test_get_preferences_with_auth" time="0.314" /><testcase classname="backend.tests.test_muhurtam_notifications.TestNotificationsPreferences" name="test_update_preferences_with_auth" time="0.301" /><testcase classname="backend.tests.test_muhurtam_notifications.TestServiceWorkerCaching" name="test_panchangam_today_accessible" time="0.105" /><testcase classname="backend.tests.test_muhurtam_notifications.TestServiceWorkerCaching" name="test_aqi_both_accessible" time="0.448" /><testcase classname="backend.tests.test_muhurtam_notifications.TestServiceWorkerCaching" name="test_news_local_accessible" time="2.688" /></testsuite></testsuites>