<?xml version="1.0" encoding="utf-8"?><testsuites name="pytest tests"><testsuite name="pytest" errors="0" failures="2" skipped="0" tests="36" time="26.790" timestamp="2026-02-18T20:45:04.495466+00:00" hostname="agent-env-98962de7-04c7-4312-bfcd-2af670580630"><testcase classname="backend.tests.test_session_features.TestNewsEndpoints" name="test_get_news_categories" time="0.243" /><testcase classname="backend.tests.test_session_features.TestNewsEndpoints" name="test_get_local_news" time="7.171" /><testcase classname="backend.tests.test_session_features.TestNewsEndpoints" name="test_get_news_feed_all_without_ai" time="1.356" /><testcase classname="backend.tests.test_session_features.TestNewsEndpoints" name="test_get_city_news" time="2.383" /><testcase classname="backend.tests.test_session_features.TestNewsEndpoints" name="test_get_national_news" time="0.989" /><testcase classname="backend.tests.test_session_features.TestNewsEndpoints" name="test_get_sports_news" time="0.765" /><testcase classname="backend.tests.test_session_features.TestNewsEndpoints" name="test_invalid_category" time="0.157" /><testcase classname="backend.tests.test_session_features.TestPhoneSensorSync" name="test_sync_phone_sensors" time="0.722" /><testcase classname="backend.tests.test_session_features.TestPhoneSensorSync" name="test_sync_phone_sensors_update_existing" time="0.144" /><testcase classname="backend.tests.test_session_features.TestPhoneSensorSync" name="test_sync_phone_sensors_requires_auth" time="0.162" /><testcase classname="backend.tests.test_session_features.TestSmartwatchSync" name="test_sync_smartwatch_data" time="0.196" /><testcase classname="backend.tests.test_session_features.TestSmartwatchSync" name="test_sync_smartwatch_minimal_data" time="0.152" /><testcase classname="backend.tests.test_session_features.TestSmartwatchSync" name="test_sync_smartwatch_requires_auth" time="0.135" /><testcase classname="backend.tests.test_session_features.TestConnectedDevices" name="test_connect_device" time="0.184"><failure message="AssertionError: assert 'device' in {'device_id': '092c6172-96dd-4162-812b-9f2a2fdbe737', 'message': 'Device updated', 'success': True}">backend/tests/test_session_features.py:277: in test_connect_device
    assert "device" in data
E   AssertionError: assert 'device' in {'device_id': '092c6172-96dd-4162-812b-9f2a2fdbe737', 'message': 'Device updated', 'success': True}</failure></testcase><testcase classname="backend.tests.test_session_features.TestConnectedDevices" name="test_connect_phone_device" time="0.122"><failure message="KeyError: 'device'">backend/tests/test_session_features.py:296: in test_connect_phone_device
    print(f"✓ Phone device connected: {data['device']['device_name']}")
                                       ^^^^^^^^^^^^^^
E   KeyError: 'device'</failure></testcase><testcase classname="backend.tests.test_session_features.TestConnectedDevices" name="test_get_connected_devices" time="0.146" /><testcase classname="backend.tests.test_session_features.TestConnectedDevices" name="test_get_devices_requires_auth" time="0.145" /><testcase classname="backend.tests.test_session_features.TestFitnessDashboard" name="test_get_fitness_dashboard" time="0.136" /><testcase classname="backend.tests.test_session_features.TestFitnessDashboard" name="test_dashboard_requires_auth" time="0.131" /><testcase classname="backend.tests.test_session_features.TestPsychologistAI" name="test_psychologist_chat" time="3.861" /><testcase classname="backend.tests.test_session_features.TestPsychologistAI" name="test_psychologist_chat_with_assessment" time="4.992" /><testcase classname="backend.tests.test_session_features.TestPsychologistAI" name="test_psychologist_chat_requires_auth" time="0.173" /><testcase classname="backend.tests.test_session_features.TestMentalHealthAssessment" name="test_submit_assessment" time="0.222" /><testcase classname="backend.tests.test_session_features.TestMentalHealthAssessment" name="test_submit_assessment_high_stress" time="0.185" /><testcase classname="backend.tests.test_session_features.TestMentalHealthAssessment" name="test_assessment_requires_auth" time="0.136" /><testcase classname="backend.tests.test_session_features.TestPushNotifications" name="test_subscribe_push" time="0.145" /><testcase classname="backend.tests.test_session_features.TestPushNotifications" name="test_subscribe_push_update_existing" time="0.153" /><testcase classname="backend.tests.test_session_features.TestPushNotifications" name="test_subscribe_requires_auth" time="0.124" /><testcase classname="backend.tests.test_session_features.TestNotificationPreferences" name="test_get_preferences" time="0.143" /><testcase classname="backend.tests.test_session_features.TestNotificationPreferences" name="test_update_preferences" time="0.115" /><testcase classname="backend.tests.test_session_features.TestNotificationPreferences" name="test_verify_preferences_updated" time="0.151" /><testcase classname="backend.tests.test_session_features.TestNotificationPreferences" name="test_preferences_requires_auth" time="0.146" /><testcase classname="backend.tests.test_session_features.TestPendingNotifications" name="test_get_pending_notifications" time="0.156" /><testcase classname="backend.tests.test_session_features.TestPendingNotifications" name="test_get_notification_history" time="0.136" /><testcase classname="backend.tests.test_session_features.TestFitnessActivities" name="test_log_manual_activity" time="0.220" /><testcase classname="backend.tests.test_session_features.TestFitnessActivities" name="test_get_activities" time="0.167" /></testsuite></testsuites>