<?xml version="1.0" encoding="utf-8"?><testsuites name="pytest tests"><testsuite name="pytest" errors="0" failures="0" skipped="0" tests="19" time="3.276" timestamp="2026-02-21T08:23:09.021070+00:00" hostname="agent-env-3b711917-860e-40e4-aaf2-949ea46f6aae"><testcase classname="tests.test_panchangam_features.TestPanchangamAPI" name="test_panchangam_today_endpoint_exists" time="0.202" /><testcase classname="tests.test_panchangam_features.TestPanchangamAPI" name="test_panchangam_has_tithi" time="0.135" /><testcase classname="tests.test_panchangam_features.TestPanchangamAPI" name="test_panchangam_has_nakshatra" time="0.105" /><testcase classname="tests.test_panchangam_features.TestPanchangamAPI" name="test_panchangam_has_yoga" time="0.098" /><testcase classname="tests.test_panchangam_features.TestPanchangamAPI" name="test_panchangam_has_karana" time="0.129" /><testcase classname="tests.test_panchangam_features.TestPanchangamAPI" name="test_panchangam_has_rahu_kalam" time="0.099" /><testcase classname="tests.test_panchangam_features.TestPanchangamAPI" name="test_panchangam_has_yamagandam" time="0.095" /><testcase classname="tests.test_panchangam_features.TestPanchangamAPI" name="test_panchangam_has_gulika" time="0.094" /><testcase classname="tests.test_panchangam_features.TestPanchangamAPI" name="test_panchangam_has_abhijit_muhurtam" time="0.110" /><testcase classname="tests.test_panchangam_features.TestPanchangamAPI" name="test_panchangam_has_amrit_kalam" time="0.104" /><testcase classname="tests.test_panchangam_features.TestPanchangamAPI" name="test_panchangam_has_durmuhurtam" time="0.148" /><testcase classname="tests.test_panchangam_features.TestPanchangamAPI" name="test_panchangam_has_sunrise_sunset" time="0.165" /><testcase classname="tests.test_panchangam_features.TestPanchangamAPI" name="test_panchangam_has_telugu_day" time="0.104" /><testcase classname="tests.test_panchangam_features.TestPanchangamAPI" name="test_panchangam_has_telugu_month" time="0.134" /><testcase classname="tests.test_panchangam_features.TestPanchangamAPI" name="test_panchangam_date_endpoint" time="0.104" /><testcase classname="tests.test_panchangam_features.TestPanchangamAPI" name="test_panchangam_invalid_date_format" time="0.101" /><testcase classname="tests.test_panchangam_features.TestPanchangamAPI" name="test_complete_panchangam_structure" time="0.121" /><testcase classname="tests.test_panchangam_features.TestAQIWidget" name="test_aqi_both_endpoint" time="1.030" /><testcase classname="tests.test_panchangam_features.TestAstrologyKundali" name="test_kundali_generation" time="0.110" /></testsuite></testsuites>