<?xml version="1.0" encoding="utf-8"?><testsuites name="pytest tests"><testsuite name="pytest" errors="0" failures="0" skipped="0" tests="13" time="4.633" timestamp="2026-02-19T16:40:29.280368+00:00" hostname="agent-env-a55eadea-d204-454e-b811-e84190744a71"><testcase classname="backend.tests.test_cms_aqi.TestDumpYardCMS" name="test_get_dumpyard_config_public" time="0.140" /><testcase classname="backend.tests.test_cms_aqi.TestDumpYardCMS" name="test_get_dumpyard_has_health_risks" time="0.108" /><testcase classname="backend.tests.test_cms_aqi.TestDumpYardCMS" name="test_get_dumpyard_has_affected_groups" time="0.271" /><testcase classname="backend.tests.test_cms_aqi.TestDumpYardCMS" name="test_update_dumpyard_config_admin" time="0.915" /><testcase classname="backend.tests.test_cms_aqi.TestDumpYardCMS" name="test_update_dumpyard_requires_auth" time="0.148" /><testcase classname="backend.tests.test_cms_aqi.TestAQIWebCrawl" name="test_get_aqi_both" time="0.510" /><testcase classname="backend.tests.test_cms_aqi.TestAQIWebCrawl" name="test_get_aqi_dammaiguda" time="0.478" /><testcase classname="backend.tests.test_cms_aqi.TestAQIWebCrawl" name="test_get_aqi_hyderabad" time="0.422" /><testcase classname="backend.tests.test_cms_aqi.TestAQIWebCrawl" name="test_aqi_has_health_impact" time="0.577" /><testcase classname="backend.tests.test_cms_aqi.TestAQIWebCrawl" name="test_aqi_has_category_info" time="0.544" /><testcase classname="backend.tests.test_cms_aqi.TestContentManagementEndpoints" name="test_get_banners" time="0.167" /><testcase classname="backend.tests.test_cms_aqi.TestContentManagementEndpoints" name="test_get_benefits" time="0.158" /><testcase classname="backend.tests.test_cms_aqi.TestContentManagementEndpoints" name="test_get_all_content" time="0.124" /></testsuite></testsuites>