<?xml version="1.0" encoding="utf-8"?><testsuites name="pytest tests"><testsuite name="pytest" errors="0" failures="1" skipped="0" tests="15" time="11.231" timestamp="2026-02-19T12:36:44.456546+00:00" hostname="agent-env-0d9762d9-6e3f-424d-afa4-d470415c3981"><testcase classname="tests.test_news_fitness_p1.TestNewsEndpoints" name="test_news_categories" time="0.186"><failure message="AssertionError: assert ('government' in {'business': {'en': 'Business', 'te': 'వ్యాపారం'}, 'city': {'en': 'City - Hyderabad', 'te': 'నగరం - హైదరాబాద్'}, 'entertainment': {'en': 'Entertainment', 'te': 'వినోదం'}, 'health': {'en': 'Health', 'te': 'ఆరోగ్యం'}, ...} or 'government' in ['city', 'state', 'national'])">tests/test_news_fitness_p1.py:47: in test_news_categories
    assert cat in data or cat in ["city", "state", "national"]  # city/state are equivalent
    ^^^^^^^^^^^^^^^^^^^^^^^^^^^^^^^^^^^^^^^^^^^^^^^^^^^^^^^^^^
E   AssertionError: assert ('government' in {'business': {'en': 'Business', 'te': 'వ్యాపారం'}, 'city': {'en': 'City - Hyderabad', 'te': 'నగరం - హైదరాబాద్'}, 'entertainment': {'en': 'Entertainment', 'te': 'వినోదం'}, 'health': {'en': 'Health', 'te': 'ఆరోగ్యం'}, ...} or 'government' in ['city', 'state', 'national'])</failure></testcase><testcase classname="tests.test_news_fitness_p1.TestNewsEndpoints" name="test_news_local_category" time="1.647" /><testcase classname="tests.test_news_fitness_p1.TestNewsEndpoints" name="test_news_health_category" time="1.097" /><testcase classname="tests.test_news_fitness_p1.TestNewsEndpoints" name="test_news_sports_category" time="1.233" /><testcase classname="tests.test_news_fitness_p1.TestNewsEndpoints" name="test_news_education_category" time="0.125" /><testcase classname="tests.test_news_fitness_p1.TestNewsEndpoints" name="test_news_article_structure" time="3.553" /><testcase classname="tests.test_news_fitness_p1.TestCertificateOGEndpoint" name="test_certificate_og_endpoint_exists" time="0.004" /><testcase classname="tests.test_news_fitness_p1.TestCertificateOGEndpoint" name="test_certificate_og_contains_user_info" time="0.003" /><testcase classname="tests.test_news_fitness_p1.TestCertificateOGEndpoint" name="test_certificate_og_invalid_id" time="0.003" /><testcase classname="tests.test_news_fitness_p1.TestFitnessPointsSystem" name="test_fitness_points_config" time="0.130" /><testcase classname="tests.test_news_fitness_p1.TestFitnessPointsSystem" name="test_fitness_my_points_endpoint" time="0.341" /><testcase classname="tests.test_news_fitness_p1.TestFitnessPointsSystem" name="test_fitness_record_returns_points_awarded" time="0.144" /><testcase classname="tests.test_news_fitness_p1.TestFitnessPointsSystem" name="test_fitness_points_add_to_wallet" time="0.348" /><testcase classname="tests.test_news_fitness_p1.TestFitnessPointsSystem" name="test_fitness_activity_types" time="0.102" /><testcase classname="tests.test_news_fitness_p1.TestNewsReactionsAndShare" name="test_news_article_has_reactions" time="2.221" /></testsuite></testsuites>