<?xml version="1.0" encoding="utf-8"?><testsuites name="pytest tests"><testsuite name="pytest" errors="0" failures="1" skipped="0" tests="9" time="3.632" timestamp="2026-02-19T08:19:57.149515+00:00" hostname="agent-env-12231cbd-79dd-4827-987d-8e486800bd82"><testcase classname="backend.tests.test_education_module.TestEducationModule" name="test_get_courses_list" time="0.388" /><testcase classname="backend.tests.test_education_module.TestEducationModule" name="test_get_course_categories" time="0.345" /><testcase classname="backend.tests.test_education_module.TestEducationModule" name="test_get_course_detail_with_lessons" time="0.488" /><testcase classname="backend.tests.test_education_module.TestEducationModule" name="test_get_python_course_with_quiz" time="0.488" /><testcase classname="backend.tests.test_education_module.TestEducationModule" name="test_course_enrollment" time="0.488"><failure message="assert 520 == 200&#10; +  where 520 = &lt;Response [520]&gt;.status_code">backend/tests/test_education_module.py:113: in test_course_enrollment
    assert response.status_code == 200
E   assert 520 == 200
E    +  where 520 = &lt;Response [520]&gt;.status_code</failure></testcase><testcase classname="backend.tests.test_education_module.TestEducationModule" name="test_my_courses" time="0.338" /><testcase classname="backend.tests.test_education_module.TestEducationModule" name="test_my_stats" time="0.338" /><testcase classname="backend.tests.test_education_module.TestFitnessBadges" name="test_get_badges" time="0.348" /><testcase classname="backend.tests.test_education_module.TestAdminEducation" name="test_admin_stats" time="0.315" /></testsuite></testsuites>