<?xml version="1.0" encoding="utf-8"?><testsuites name="pytest tests"><testsuite name="pytest" errors="0" failures="0" skipped="0" tests="14" time="7.481" timestamp="2026-02-19T15:24:32.579715+00:00" hostname="agent-env-80eabeda-d842-4475-9fcf-b8031c9b291c"><testcase classname="backend.tests.test_instructor_leaderboard.TestInstructorPortal" name="test_instructor_dashboard_stats" time="0.693" /><testcase classname="backend.tests.test_instructor_leaderboard.TestInstructorPortal" name="test_instructor_courses_list" time="0.443" /><testcase classname="backend.tests.test_instructor_leaderboard.TestInstructorPortal" name="test_course_students_list" time="0.548" /><testcase classname="backend.tests.test_instructor_leaderboard.TestInstructorPortal" name="test_course_analytics" time="0.569" /><testcase classname="backend.tests.test_instructor_leaderboard.TestInstructorPortal" name="test_create_course" time="0.608" /><testcase classname="backend.tests.test_instructor_leaderboard.TestInstructorPortal" name="test_non_admin_access_blocked" time="0.745" /><testcase classname="backend.tests.test_instructor_leaderboard.TestLeaderboard" name="test_get_leaderboard_public" time="0.117" /><testcase classname="backend.tests.test_instructor_leaderboard.TestLeaderboard" name="test_leaderboard_ranking_order" time="0.141" /><testcase classname="backend.tests.test_instructor_leaderboard.TestMyStats" name="test_get_my_stats" time="0.476" /><testcase classname="backend.tests.test_instructor_leaderboard.TestMyStats" name="test_my_stats_requires_auth" time="0.556" /><testcase classname="backend.tests.test_instructor_leaderboard.TestMyStats" name="test_xp_calculation" time="0.383" /><testcase classname="backend.tests.test_instructor_leaderboard.TestMyStats" name="test_badge_levels" time="0.448" /><testcase classname="backend.tests.test_instructor_leaderboard.TestInstructorCRUD" name="test_create_lesson" time="0.801" /><testcase classname="backend.tests.test_instructor_leaderboard.TestInstructorCRUD" name="test_create_quiz" time="0.864" /></testsuite></testsuites>