<?xml version="1.0" encoding="utf-8"?><testsuites name="pytest tests"><testsuite name="pytest" errors="4" failures="0" skipped="0" tests="11" time="2.185" timestamp="2026-02-21T09:25:03.307864+00:00" hostname="agent-env-0d8dcc6d-c720-4060-905a-bad0a1ea9f0f"><testcase classname="backend.tests.test_analytics_alerts.TestAnalyticsAlertsAPI" name="test_get_alert_config" time="0.258" /><testcase classname="backend.tests.test_analytics_alerts.TestAnalyticsAlertsAPI" name="test_update_alert_config" time="0.269" /><testcase classname="backend.tests.test_analytics_alerts.TestAnalyticsAlertsAPI" name="test_get_alerts" time="0.195" /><testcase classname="backend.tests.test_analytics_alerts.TestAnalyticsAlertsAPI" name="test_trigger_alert_check" time="0.206" /><testcase classname="backend.tests.test_analytics_alerts.TestAnalyticsAlertsAPI" name="test_get_current_metrics" time="0.193" /><testcase classname="backend.tests.test_analytics_alerts.TestAnalyticsAlertsAPI" name="test_acknowledge_single_alert" time="0.246" /><testcase classname="backend.tests.test_analytics_alerts.TestAnalyticsAlertsAPI" name="test_acknowledge_all_alerts" time="0.283" /><testcase classname="backend.tests.test_analytics_alerts.TestAnalyticsAlertsAPI" name="test_delete_alert" time="0.096"><error message="failed on setup with &quot;AssertionError: OTP request failed: {&quot;error&quot;:&quot;Rate limit exceeded: 5 per 1 minute&quot;}&#10;assert 429 == 200&#10; +  where 429 = &lt;Response [429]&gt;.status_code&quot;">backend/tests/test_analytics_alerts.py:30: in setup
    assert otp_res.status_code == 200, f"OTP request failed: {otp_res.text}"
E   AssertionError: OTP request failed: {"error":"Rate limit exceeded: 5 per 1 minute"}
E   assert 429 == 200
E    +  where 429 = &lt;Response [429]&gt;.status_code</error></testcase><testcase classname="backend.tests.test_analytics_alerts.TestAnalyticsAlertsAPI" name="test_access_control_non_admin" time="0.106"><error message="failed on setup with &quot;AssertionError: OTP request failed: {&quot;error&quot;:&quot;Rate limit exceeded: 5 per 1 minute&quot;}&#10;assert 429 == 200&#10; +  where 429 = &lt;Response [429]&gt;.status_code&quot;">backend/tests/test_analytics_alerts.py:30: in setup
    assert otp_res.status_code == 200, f"OTP request failed: {otp_res.text}"
E   AssertionError: OTP request failed: {"error":"Rate limit exceeded: 5 per 1 minute"}
E   assert 429 == 200
E    +  where 429 = &lt;Response [429]&gt;.status_code</error></testcase><testcase classname="backend.tests.test_analytics_alerts.TestAnalyticsAlertsAPI" name="test_filter_alerts_by_severity" time="0.131"><error message="failed on setup with &quot;AssertionError: OTP request failed: {&quot;error&quot;:&quot;Rate limit exceeded: 5 per 1 minute&quot;}&#10;assert 429 == 200&#10; +  where 429 = &lt;Response [429]&gt;.status_code&quot;">backend/tests/test_analytics_alerts.py:30: in setup
    assert otp_res.status_code == 200, f"OTP request failed: {otp_res.text}"
E   AssertionError: OTP request failed: {"error":"Rate limit exceeded: 5 per 1 minute"}
E   assert 429 == 200
E    +  where 429 = &lt;Response [429]&gt;.status_code</error></testcase><testcase classname="backend.tests.test_analytics_alerts.TestAnalyticsAlertsAPI" name="test_filter_alerts_by_acknowledged" time="0.090"><error message="failed on setup with &quot;AssertionError: OTP request failed: {&quot;error&quot;:&quot;Rate limit exceeded: 5 per 1 minute&quot;}&#10;assert 429 == 200&#10; +  where 429 = &lt;Response [429]&gt;.status_code&quot;">backend/tests/test_analytics_alerts.py:30: in setup
    assert otp_res.status_code == 200, f"OTP request failed: {otp_res.text}"
E   AssertionError: OTP request failed: {"error":"Rate limit exceeded: 5 per 1 minute"}
E   assert 429 == 200
E    +  where 429 = &lt;Response [429]&gt;.status_code</error></testcase></testsuite></testsuites>