<?xml version="1.0" encoding="utf-8"?><testsuites name="pytest tests"><testsuite name="pytest" errors="0" failures="1" skipped="0" tests="18" time="7.762" timestamp="2026-02-18T21:52:33.628847+00:00" hostname="agent-env-2e476011-e268-4b2f-9d53-40016bc9e096"><testcase classname="backend.tests.test_live_activity.TestAuth" name="test_auth_works" time="0.299" /><testcase classname="backend.tests.test_live_activity.TestLiveActivityStart" name="test_start_running_activity" time="0.624" /><testcase classname="backend.tests.test_live_activity.TestLiveActivityStart" name="test_start_walking_activity" time="0.415" /><testcase classname="backend.tests.test_live_activity.TestLiveActivityStart" name="test_start_yoga_activity" time="0.305" /><testcase classname="backend.tests.test_live_activity.TestLiveActivityStart" name="test_start_cycling_activity" time="0.296" /><testcase classname="backend.tests.test_live_activity.TestLiveActivityStart" name="test_start_invalid_activity_type" time="0.131" /><testcase classname="backend.tests.test_live_activity.TestLiveActivityStart" name="test_start_activity_with_targets" time="0.262" /><testcase classname="backend.tests.test_live_activity.TestLiveActivityUpdate" name="test_update_activity_stats" time="0.800" /><testcase classname="backend.tests.test_live_activity.TestLiveActivityUpdate" name="test_update_with_gps_points" time="0.672" /><testcase classname="backend.tests.test_live_activity.TestLiveActivityUpdate" name="test_update_invalid_session" time="0.122" /><testcase classname="backend.tests.test_live_activity.TestLiveActivityEnd" name="test_end_activity_and_save" time="0.568" /><testcase classname="backend.tests.test_live_activity.TestLiveActivityEnd" name="test_end_activity_with_gps_route" time="0.362" /><testcase classname="backend.tests.test_live_activity.TestLiveActivityEnd" name="test_end_invalid_session" time="0.131" /><testcase classname="backend.tests.test_live_activity.TestLiveActivityActive" name="test_get_active_session" time="1.100"><failure message="AssertionError: assert 'df9d20cf-13f...-90db40d4bc66' == 'b92be69a-a5b...-648af23fd35e'&#10;  &#10;  - b92be69a-a5b7-41df-bfb3-648af23fd35e&#10;  + df9d20cf-13f3-40b8-9674-90db40d4bc66">backend/tests/test_live_activity.py:355: in test_get_active_session
    assert data["active_session"]["id"] == session_id
E   AssertionError: assert 'df9d20cf-13f...-90db40d4bc66' == 'b92be69a-a5b...-648af23fd35e'
E     
E     - b92be69a-a5b7-41df-bfb3-648af23fd35e
E     + df9d20cf-13f3-40b8-9674-90db40d4bc66</failure></testcase><testcase classname="backend.tests.test_live_activity.TestLiveActivityActive" name="test_no_active_session" time="0.193" /><testcase classname="backend.tests.test_live_activity.TestLiveActivityCancel" name="test_cancel_activity" time="0.814" /><testcase classname="backend.tests.test_live_activity.TestLiveActivityHistory" name="test_get_live_activity_history" time="0.425" /><testcase classname="backend.tests.test_live_activity.TestActivityTypes" name="test_get_activity_types" time="0.139" /></testsuite></testsuites>