<?xml version="1.0" encoding="utf-8"?><testsuites name="pytest tests"><testsuite name="pytest" errors="0" failures="0" skipped="0" tests="14" time="11.824" timestamp="2026-02-20T10:08:44.043210+00:00" hostname="agent-env-9764b69e-caa8-4258-9a31-f0edbb2890a0"><testcase classname="tests.test_session33_features.TestAnalyticsAPI" name="test_page_view_tracking" time="0.412" /><testcase classname="tests.test_session33_features.TestAnalyticsAPI" name="test_action_tracking" time="0.117" /><testcase classname="tests.test_session33_features.TestAnalyticsAPI" name="test_feature_tracking" time="0.102" /><testcase classname="tests.test_session33_features.TestAnalyticsAPI" name="test_admin_analytics_summary" time="0.329" /><testcase classname="tests.test_session33_features.TestAnalyticsAPI" name="test_admin_analytics_non_admin_rejected" time="0.095" /><testcase classname="tests.test_session33_features.TestAnalyticsAPI" name="test_admin_active_users" time="0.119" /><testcase classname="tests.test_session33_features.TestNewsVideoSupport" name="test_news_categories" time="0.109" /><testcase classname="tests.test_session33_features.TestNewsVideoSupport" name="test_news_by_category" time="3.585" /><testcase classname="tests.test_session33_features.TestNewsVideoSupport" name="test_admin_create_video_news" time="0.125" /><testcase classname="tests.test_session33_features.TestNewsVideoSupport" name="test_admin_create_text_news_with_link" time="0.128" /><testcase classname="tests.test_session33_features.TestNewsVideoSupport" name="test_get_admin_pushed_news" time="0.168" /><testcase classname="tests.test_session33_features.TestNewsVideoSupport" name="test_news_includes_admin_pushed_content" time="5.632" /><testcase classname="tests.test_session33_features.TestAQIEndpoints" name="test_aqi_both_locations" time="0.510" /><testcase classname="tests.test_session33_features.TestCleanup" name="test_cleanup_test_news" time="0.324" /></testsuite></testsuites>