<?xml version="1.0" encoding="utf-8"?><testsuites name="pytest tests"><testsuite name="pytest" errors="0" failures="0" skipped="0" tests="24" time="4.534" timestamp="2026-02-19T14:51:27.789345+00:00" hostname="agent-env-80eabeda-d842-4475-9fcf-b8031c9b291c"><testcase classname="tests.test_admin_panel.TestAdminPanelAPIs" name="test_admin_stats_returns_user_count" time="0.511" /><testcase classname="tests.test_admin_panel.TestAdminPanelAPIs" name="test_admin_stats_returns_issues_count" time="0.337" /><testcase classname="tests.test_admin_panel.TestAdminPanelAPIs" name="test_admin_stats_returns_fitness_participants" time="0.169" /><testcase classname="tests.test_admin_panel.TestAdminPanelAPIs" name="test_issues_heatmap_endpoint" time="0.134" /><testcase classname="tests.test_admin_panel.TestAdminPanelAPIs" name="test_admin_users_list" time="0.117" /><testcase classname="tests.test_admin_panel.TestAdminPanelAPIs" name="test_get_issues_list" time="0.145" /><testcase classname="tests.test_admin_panel.TestAdminPanelAPIs" name="test_shop_admin_products_endpoint" time="0.142" /><testcase classname="tests.test_admin_panel.TestAdminPanelAPIs" name="test_shop_create_product" time="0.134" /><testcase classname="tests.test_admin_panel.TestAdminPanelAPIs" name="test_shop_update_product" time="0.121" /><testcase classname="tests.test_admin_panel.TestAdminPanelAPIs" name="test_shop_delete_product" time="0.254" /><testcase classname="tests.test_admin_panel.TestAdminPanelAPIs" name="test_shop_admin_orders" time="0.123" /><testcase classname="tests.test_admin_panel.TestAdminPanelAPIs" name="test_shop_points_adjustment" time="0.258" /><testcase classname="tests.test_admin_panel.TestAdminPanelAPIs" name="test_news_admin_all_endpoint" time="0.167" /><testcase classname="tests.test_admin_panel.TestAdminPanelAPIs" name="test_news_create_article" time="0.119" /><testcase classname="tests.test_admin_panel.TestAdminPanelAPIs" name="test_news_update_article" time="0.161" /><testcase classname="tests.test_admin_panel.TestAdminPanelAPIs" name="test_news_delete_article" time="0.173" /><testcase classname="tests.test_admin_panel.TestAdminPanelAPIs" name="test_vouchers_admin_all_endpoint" time="0.132" /><testcase classname="tests.test_admin_panel.TestAdminPanelAPIs" name="test_voucher_create" time="0.144" /><testcase classname="tests.test_admin_panel.TestAdminPanelAPIs" name="test_voucher_update" time="0.255" /><testcase classname="tests.test_admin_panel.TestAdminPanelAPIs" name="test_voucher_delete" time="0.121" /><testcase classname="tests.test_admin_panel.TestAdminPanelAPIs" name="test_templates_admin_all_endpoint" time="0.108" /><testcase classname="tests.test_admin_panel.TestAdminPanelAPIs" name="test_template_create" time="0.128" /><testcase classname="tests.test_admin_panel.TestAdminPanelAPIs" name="test_template_delete" time="0.133" /><testcase classname="tests.test_admin_panel.TestAdminAccessControl" name="test_non_admin_cannot_access_shop_admin" time="0.363" /></testsuite></testsuites>