<?xml version="1.0" encoding="utf-8"?><testsuites name="pytest tests"><testsuite name="pytest" errors="0" failures="1" skipped="0" tests="19" time="10.833" timestamp="2026-02-21T08:43:52.247253+00:00" hostname="agent-env-3b711917-860e-40e4-aaf2-949ea46f6aae"><testcase classname="backend.tests.test_muhurtam_notifications.TestMuhurtamEventTypes" name="test_event_types_returns_5_events" time="0.226" /><testcase classname="backend.tests.test_muhurtam_notifications.TestMuhurtamEventTypes" name="test_event_types_have_telugu_names" time="0.141" /><testcase classname="backend.tests.test_muhurtam_notifications.TestMuhurtamEventTypes" name="test_event_types_have_duration" time="0.103" /><testcase classname="backend.tests.test_muhurtam_notifications.TestMuhurtamCalculate" name="test_calculate_marriage_returns_score" time="0.143" /><testcase classname="backend.tests.test_muhurtam_notifications.TestMuhurtamCalculate" name="test_calculate_returns_rating" time="0.100" /><testcase classname="backend.tests.test_muhurtam_notifications.TestMuhurtamCalculate" name="test_calculate_returns_factors_and_warnings" time="0.133" /><testcase classname="backend.tests.test_muhurtam_notifications.TestMuhurtamCalculate" name="test_calculate_returns_auspicious_times" time="0.100" /><testcase classname="backend.tests.test_muhurtam_notifications.TestMuhurtamCalculate" name="test_calculate_invalid_event_type" time="0.100" /><testcase classname="backend.tests.test_muhurtam_notifications.TestMuhurtamCalculate" name="test_calculate_invalid_date_format" time="0.107" /><testcase classname="backend.tests.test_muhurtam_notifications.TestMuhurtamFindDates" name="test_find_dates_returns_results" time="0.096" /><testcase classname="backend.tests.test_muhurtam_notifications.TestMuhurtamFindDates" name="test_find_dates_sorted_by_score" time="0.096" /><testcase classname="backend.tests.test_muhurtam_notifications.TestMuhurtamFindDates" name="test_find_dates_include_tithi_nakshatra" time="0.095" /><testcase classname="backend.tests.test_muhurtam_notifications.TestNotificationsVAPID" name="test_vapid_public_key_returns_key" time="0.107" /><testcase classname="backend.tests.test_muhurtam_notifications.TestNotificationsPreferences" name="test_get_preferences_requires_auth" time="0.097"><failure message="AssertionError: Should require authentication&#10;assert 403 == 401&#10; +  where 403 = &lt;Response [403]&gt;.status_code">backend/tests/test_muhurtam_notifications.py:210: in test_get_preferences_requires_auth
    assert response.status_code == 401, "Should require authentication"
E   AssertionError: Should require authentication
E   assert 403 == 401
E    +  where 403 = &lt;Response [403]&gt;.status_code</failure></testcase><testcase classname="backend.tests.test_muhurtam_notifications.TestNotificationsPreferences" name="test_get_preferences_with_auth" time="0.329" /><testcase classname="backend.tests.test_muhurtam_notifications.TestNotificationsPreferences" name="test_update_preferences_with_auth" time="0.308" /><testcase classname="backend.tests.test_muhurtam_notifications.TestServiceWorkerCaching" name="test_panchangam_today_accessible" time="0.097" /><testcase classname="backend.tests.test_muhurtam_notifications.TestServiceWorkerCaching" name="test_aqi_both_accessible" time="0.956" /><testcase classname="backend.tests.test_muhurtam_notifications.TestServiceWorkerCaching" name="test_news_local_accessible" time="7.374" /></testsuite></testsuites>