<?xml version="1.0" encoding="utf-8"?><testsuites name="pytest tests"><testsuite name="pytest" errors="6" failures="2" skipped="0" tests="18" time="3.531" timestamp="2026-02-21T09:36:51.165144+00:00" hostname="agent-env-0d8dcc6d-c720-4060-905a-bad0a1ea9f0f"><testcase classname="backend.tests.test_calorie_counter.TestCalorieCounterAPIs" name="test_post_meal_breakfast" time="0.337" /><testcase classname="backend.tests.test_calorie_counter.TestCalorieCounterAPIs" name="test_post_meal_lunch" time="0.197" /><testcase classname="backend.tests.test_calorie_counter.TestCalorieCounterAPIs" name="test_post_meal_snacks" time="0.202" /><testcase classname="backend.tests.test_calorie_counter.TestCalorieCounterAPIs" name="test_post_meal_evening_snacks" time="0.189" /><testcase classname="backend.tests.test_calorie_counter.TestCalorieCounterAPIs" name="test_post_meal_dinner" time="0.193" /><testcase classname="backend.tests.test_calorie_counter.TestCalorieCounterAPIs" name="test_meal_returns_macros" time="0.186" /><testcase classname="backend.tests.test_calorie_counter.TestCalorieCounterAPIs" name="test_meals_summary_includes_macros" time="0.195" /><testcase classname="backend.tests.test_calorie_counter.TestCalorieCounterAPIs" name="test_meal_quantity_multiplier" time="0.239" /><testcase classname="backend.tests.test_calorie_counter.TestCalorieCounterAPIs" name="test_meal_custom_calories" time="0.105"><error message="failed on setup with &quot;AssertionError: Failed to send OTP: {&quot;error&quot;:&quot;Rate limit exceeded: 5 per 1 minute&quot;}&#10;assert 429 == 200&#10; +  where 429 = &lt;Response [429]&gt;.status_code&quot;">backend/tests/test_calorie_counter.py:31: in setup
    assert response.status_code == 200, f"Failed to send OTP: {response.text}"
E   AssertionError: Failed to send OTP: {"error":"Rate limit exceeded: 5 per 1 minute"}
E   assert 429 == 200
E    +  where 429 = &lt;Response [429]&gt;.status_code</error></testcase><testcase classname="backend.tests.test_calorie_counter.TestCalorieCounterAPIs" name="test_delete_meal" time="0.428" /><testcase classname="backend.tests.test_calorie_counter.TestCalorieCounterAPIs" name="test_delete_nonexistent_meal" time="0.099"><error message="failed on setup with &quot;AssertionError: Failed to send OTP: {&quot;error&quot;:&quot;Rate limit exceeded: 5 per 1 minute&quot;}&#10;assert 429 == 200&#10; +  where 429 = &lt;Response [429]&gt;.status_code&quot;">backend/tests/test_calorie_counter.py:31: in setup
    assert response.status_code == 200, f"Failed to send OTP: {response.text}"
E   AssertionError: Failed to send OTP: {"error":"Rate limit exceeded: 5 per 1 minute"}
E   assert 429 == 200
E    +  where 429 = &lt;Response [429]&gt;.status_code</error></testcase><testcase classname="backend.tests.test_calorie_counter.TestCalorieCounterAPIs" name="test_get_foods_database" time="0.203" /><testcase classname="backend.tests.test_calorie_counter.TestCalorieCounterAPIs" name="test_search_foods_english" time="0.091"><error message="failed on setup with &quot;AssertionError: Failed to send OTP: {&quot;error&quot;:&quot;Rate limit exceeded: 5 per 1 minute&quot;}&#10;assert 429 == 200&#10; +  where 429 = &lt;Response [429]&gt;.status_code&quot;">backend/tests/test_calorie_counter.py:31: in setup
    assert response.status_code == 200, f"Failed to send OTP: {response.text}"
E   AssertionError: Failed to send OTP: {"error":"Rate limit exceeded: 5 per 1 minute"}
E   assert 429 == 200
E    +  where 429 = &lt;Response [429]&gt;.status_code</error></testcase><testcase classname="backend.tests.test_calorie_counter.TestCalorieCounterAPIs" name="test_search_foods_telugu" time="0.098"><error message="failed on setup with &quot;AssertionError: Failed to send OTP: {&quot;error&quot;:&quot;Rate limit exceeded: 5 per 1 minute&quot;}&#10;assert 429 == 200&#10; +  where 429 = &lt;Response [429]&gt;.status_code&quot;">backend/tests/test_calorie_counter.py:31: in setup
    assert response.status_code == 200, f"Failed to send OTP: {response.text}"
E   AssertionError: Failed to send OTP: {"error":"Rate limit exceeded: 5 per 1 minute"}
E   assert 429 == 200
E    +  where 429 = &lt;Response [429]&gt;.status_code</error></testcase><testcase classname="backend.tests.test_calorie_counter.TestCalorieCounterAPIs" name="test_search_foods_partial" time="0.093"><error message="failed on setup with &quot;AssertionError: Failed to send OTP: {&quot;error&quot;:&quot;Rate limit exceeded: 5 per 1 minute&quot;}&#10;assert 429 == 200&#10; +  where 429 = &lt;Response [429]&gt;.status_code&quot;">backend/tests/test_calorie_counter.py:31: in setup
    assert response.status_code == 200, f"Failed to send OTP: {response.text}"
E   AssertionError: Failed to send OTP: {"error":"Rate limit exceeded: 5 per 1 minute"}
E   assert 429 == 200
E    +  where 429 = &lt;Response [429]&gt;.status_code</error></testcase><testcase classname="backend.tests.test_calorie_counter.TestCalorieCounterAPIs" name="test_get_meals_structure" time="0.094"><error message="failed on setup with &quot;AssertionError: Failed to send OTP: {&quot;error&quot;:&quot;Rate limit exceeded: 5 per 1 minute&quot;}&#10;assert 429 == 200&#10; +  where 429 = &lt;Response [429]&gt;.status_code&quot;">backend/tests/test_calorie_counter.py:31: in setup
    assert response.status_code == 200, f"Failed to send OTP: {response.text}"
E   AssertionError: Failed to send OTP: {"error":"Rate limit exceeded: 5 per 1 minute"}
E   assert 429 == 200
E    +  where 429 = &lt;Response [429]&gt;.status_code</error></testcase><testcase classname="backend.tests.test_calorie_counter.TestCalorieCounterIntegration" name="test_full_meal_workflow" time="0.210"><failure message="assert 401 == 200&#10; +  where 401 = &lt;Response [401]&gt;.status_code">backend/tests/test_calorie_counter.py:361: in test_full_meal_workflow
    assert response.status_code == 200
E   assert 401 == 200
E    +  where 401 = &lt;Response [401]&gt;.status_code</failure></testcase><testcase classname="backend.tests.test_calorie_counter.TestCalorieCounterIntegration" name="test_all_meal_types_in_single_day" time="0.226"><failure message="AssertionError: Failed to log breakfast: {&quot;detail&quot;:&quot;Invalid token&quot;}&#10;assert 401 == 200&#10; +  where 401 = &lt;Response [401]&gt;.status_code">backend/tests/test_calorie_counter.py:403: in test_all_meal_types_in_single_day
    assert response.status_code == 200, f"Failed to log {meal_type}: {response.text}"
E   AssertionError: Failed to log breakfast: {"detail":"Invalid token"}
E   assert 401 == 200
E    +  where 401 = &lt;Response [401]&gt;.status_code</failure></testcase></testsuite></testsuites>