<?xml version="1.0" encoding="utf-8"?><testsuites name="pytest tests"><testsuite name="pytest" errors="0" failures="0" skipped="0" tests="17" time="12.521" timestamp="2026-02-18T22:44:43.869531+00:00" hostname="agent-env-2e476011-e268-4b2f-9d53-40016bc9e096"><testcase classname="backend.tests.test_weight_tracking.TestWeightTracking" name="test_log_weight_success" time="0.588" /><testcase classname="backend.tests.test_weight_tracking.TestWeightTracking" name="test_log_weight_without_notes" time="0.127" /><testcase classname="backend.tests.test_weight_tracking.TestWeightTracking" name="test_log_weight_invalid_value" time="0.117" /><testcase classname="backend.tests.test_weight_tracking.TestWeightTracking" name="test_log_weight_unauthorized" time="0.137" /><testcase classname="backend.tests.test_weight_tracking.TestWeightTracking" name="test_get_weight_history" time="0.150" /><testcase classname="backend.tests.test_weight_tracking.TestWeightTracking" name="test_get_weight_history_with_days_param" time="0.175" /><testcase classname="backend.tests.test_weight_tracking.TestWeightTracking" name="test_get_weight_history_unauthorized" time="0.160" /><testcase classname="backend.tests.test_weight_tracking.TestWeightTracking" name="test_set_weight_goal" time="0.154" /><testcase classname="backend.tests.test_weight_tracking.TestWeightTracking" name="test_set_weight_goal_unauthorized" time="0.215" /><testcase classname="backend.tests.test_weight_tracking.TestWeightTracking" name="test_get_weight_stats" time="0.133" /><testcase classname="backend.tests.test_weight_tracking.TestWeightTracking" name="test_get_weight_stats_unauthorized" time="0.125" /><testcase classname="backend.tests.test_weight_tracking.TestAQIMultiLocation" name="test_aqi_current_returns_multiple_locations" time="0.658" /><testcase classname="backend.tests.test_weight_tracking.TestAQIMultiLocation" name="test_aqi_dammaiguda_structure" time="0.559" /><testcase classname="backend.tests.test_weight_tracking.TestAQIMultiLocation" name="test_aqi_hyderabad_endpoint" time="0.346" /><testcase classname="backend.tests.test_weight_tracking.TestAQIMultiLocation" name="test_aqi_dammaiguda_endpoint" time="4.759" /><testcase classname="backend.tests.test_weight_tracking.TestFitnessDashboard" name="test_fitness_dashboard" time="3.864" /><testcase classname="backend.tests.test_weight_tracking.TestFitnessDashboard" name="test_activity_types" time="0.185" /></testsuite></testsuites>