<?xml version="1.0" encoding="utf-8"?><testsuites name="pytest tests"><testsuite name="pytest" errors="0" failures="0" skipped="14" tests="24" time="6.428" timestamp="2026-02-21T10:00:02.313524+00:00" hostname="agent-env-0d8dcc6d-c720-4060-905a-bad0a1ea9f0f"><testcase classname="backend.tests.test_reports_weight.TestWeightStats" name="test_weight_stats_endpoint_exists" time="0.458" /><testcase classname="backend.tests.test_reports_weight.TestWeightStats" name="test_weight_stats_returns_bmi" time="0.403" /><testcase classname="backend.tests.test_reports_weight.TestWeightStats" name="test_weight_stats_returns_weekly_avg" time="0.297" /><testcase classname="backend.tests.test_reports_weight.TestWeightStats" name="test_weight_stats_returns_monthly_avg" time="0.326" /><testcase classname="backend.tests.test_reports_weight.TestWeightStats" name="test_weight_stats_returns_weekly_change" time="0.335" /><testcase classname="backend.tests.test_reports_weight.TestWeightStats" name="test_weight_stats_returns_trend" time="0.315" /><testcase classname="backend.tests.test_reports_weight.TestWeightStats" name="test_weight_stats_full_response_structure" time="0.308" /><testcase classname="backend.tests.test_reports_weight.TestReportsAvailable" name="test_reports_available_admin" time="0.201"><skipped type="pytest.skip" message="Failed to get admin token">/app/backend/tests/test_reports_weight.py:156: Failed to get admin token</skipped></testcase><testcase classname="backend.tests.test_reports_weight.TestReportsAvailable" name="test_reports_available_manager" time="0.201"><skipped type="pytest.skip" message="Failed to get manager token">/app/backend/tests/test_reports_weight.py:178: Failed to get manager token</skipped></testcase><testcase classname="backend.tests.test_reports_weight.TestAdminReports" name="test_admin_users_report_json" time="0.205"><skipped type="pytest.skip" message="Failed to get admin token">/app/backend/tests/test_reports_weight.py:208: Failed to get admin token</skipped></testcase><testcase classname="backend.tests.test_reports_weight.TestAdminReports" name="test_admin_users_report_csv" time="0.301" /><testcase classname="backend.tests.test_reports_weight.TestAdminReports" name="test_admin_grievances_report_json" time="0.220"><skipped type="pytest.skip" message="Failed to get admin token">/app/backend/tests/test_reports_weight.py:235: Failed to get admin token</skipped></testcase><testcase classname="backend.tests.test_reports_weight.TestAdminReports" name="test_admin_grievances_report_with_status_filter" time="0.306" /><testcase classname="backend.tests.test_reports_weight.TestAdminReports" name="test_admin_grievances_report_csv" time="0.194"><skipped type="pytest.skip" message="Failed to get admin token">/app/backend/tests/test_reports_weight.py:261: Failed to get admin token</skipped></testcase><testcase classname="backend.tests.test_reports_weight.TestAdminReports" name="test_admin_analytics_report_json" time="0.334" /><testcase classname="backend.tests.test_reports_weight.TestAdminReports" name="test_admin_analytics_report_csv" time="0.228"><skipped type="pytest.skip" message="Failed to get admin token">/app/backend/tests/test_reports_weight.py:282: Failed to get admin token</skipped></testcase><testcase classname="backend.tests.test_reports_weight.TestAdminReports" name="test_admin_health_summary_json" time="0.215"><skipped type="pytest.skip" message="Failed to get admin token">/app/backend/tests/test_reports_weight.py:291: Failed to get admin token</skipped></testcase><testcase classname="backend.tests.test_reports_weight.TestAdminReports" name="test_admin_health_summary_csv" time="0.214"><skipped type="pytest.skip" message="Failed to get admin token">/app/backend/tests/test_reports_weight.py:303: Failed to get admin token</skipped></testcase><testcase classname="backend.tests.test_reports_weight.TestManagerReports" name="test_manager_grievances_report_json" time="0.240"><skipped type="pytest.skip" message="Failed to get manager token">/app/backend/tests/test_reports_weight.py:325: Failed to get manager token</skipped></testcase><testcase classname="backend.tests.test_reports_weight.TestManagerReports" name="test_manager_grievances_report_csv" time="0.190"><skipped type="pytest.skip" message="Failed to get manager token">/app/backend/tests/test_reports_weight.py:337: Failed to get manager token</skipped></testcase><testcase classname="backend.tests.test_reports_weight.TestManagerReports" name="test_manager_users_report_json" time="0.204"><skipped type="pytest.skip" message="Failed to get manager token">/app/backend/tests/test_reports_weight.py:346: Failed to get manager token</skipped></testcase><testcase classname="backend.tests.test_reports_weight.TestManagerReports" name="test_manager_users_report_csv" time="0.196"><skipped type="pytest.skip" message="Failed to get manager token">/app/backend/tests/test_reports_weight.py:358: Failed to get manager token</skipped></testcase><testcase classname="backend.tests.test_reports_weight.TestReportAccessControl" name="test_admin_reports_denied_for_regular_user" time="0.231"><skipped type="pytest.skip" message="Failed to get user token">/app/backend/tests/test_reports_weight.py:377: Failed to get user token</skipped></testcase><testcase classname="backend.tests.test_reports_weight.TestReportAccessControl" name="test_manager_reports_denied_for_regular_user" time="0.209"><skipped type="pytest.skip" message="Failed to get user token">/app/backend/tests/test_reports_weight.py:389: Failed to get user token</skipped></testcase></testsuite></testsuites>