<?xml version="1.0" encoding="utf-8"?><testsuites name="pytest tests"><testsuite name="pytest" errors="0" failures="0" skipped="0" tests="12" time="1.641" timestamp="2026-02-19T12:24:45.940375+00:00" hostname="agent-env-0d9762d9-6e3f-424d-afa4-d470415c3981"><testcase classname="backend.tests.test_vouchers_templates.TestVouchersAPI" name="test_get_vouchers_list" time="0.163" /><testcase classname="backend.tests.test_vouchers_templates.TestVouchersAPI" name="test_vouchers_have_required_fields" time="0.130" /><testcase classname="backend.tests.test_vouchers_templates.TestVouchersAPI" name="test_voucher_categories" time="0.105" /><testcase classname="backend.tests.test_vouchers_templates.TestVouchersAPI" name="test_get_voucher_details" time="0.234" /><testcase classname="backend.tests.test_vouchers_templates.TestVouchersAPI" name="test_voucher_not_found" time="0.124" /><testcase classname="backend.tests.test_vouchers_templates.TestVouchersAPI" name="test_dominos_voucher_exists" time="0.094" /><testcase classname="backend.tests.test_vouchers_templates.TestVouchersAPI" name="test_apollo_voucher_exists" time="0.116" /><testcase classname="backend.tests.test_vouchers_templates.TestVouchersAPI" name="test_emeritus_voucher_exists" time="0.109" /><testcase classname="backend.tests.test_vouchers_templates.TestTemplatesAPI" name="test_get_templates_list" time="0.107" /><testcase classname="backend.tests.test_vouchers_templates.TestTemplatesAPI" name="test_get_template_categories" time="0.121" /><testcase classname="backend.tests.test_vouchers_templates.TestTemplatesAPI" name="test_template_not_found" time="0.095" /><testcase classname="backend.tests.test_vouchers_templates.TestVoucherClaimRequiresAuth" name="test_claim_voucher_requires_auth" time="0.190" /></testsuite></testsuites>