<?xml version="1.0" encoding="utf-8"?><testsuites name="pytest tests"><testsuite name="pytest" errors="4" failures="0" skipped="0" tests="5" time="0.235" timestamp="2026-02-19T12:07:10.803923+00:00" hostname="agent-env-0d9762d9-6e3f-424d-afa4-d470415c3981"><testcase classname="tests.test_family_course_summary.TestFamilyAPI" name="test_family_members_endpoint_exists" time="0.156"><error message="failed on setup with &quot;AssertionError: Failed to request OTP: {&quot;detail&quot;:&quot;Not Found&quot;}&#10;assert 404 == 200&#10; +  where 404 = &lt;Response [404]&gt;.status_code&quot;">tests/test_family_course_summary.py:20: in auth_token
    assert response.status_code == 200, f"Failed to request OTP: {response.text}"
E   AssertionError: Failed to request OTP: {"detail":"Not Found"}
E   assert 404 == 200
E    +  where 404 = &lt;Response [404]&gt;.status_code</error></testcase><testcase classname="tests.test_family_course_summary.TestFamilyAPI" name="test_family_members_returns_list" time="0.000"><error message="failed on setup with &quot;AssertionError: Failed to request OTP: {&quot;detail&quot;:&quot;Not Found&quot;}&#10;assert 404 == 200&#10; +  where 404 = &lt;Response [404]&gt;.status_code&quot;">tests/test_family_course_summary.py:20: in auth_token
    assert response.status_code == 200, f"Failed to request OTP: {response.text}"
E   AssertionError: Failed to request OTP: {"detail":"Not Found"}
E   assert 404 == 200
E    +  where 404 = &lt;Response [404]&gt;.status_code</error></testcase><testcase classname="tests.test_family_course_summary.TestFamilyAPI" name="test_family_members_has_course_summary_field" time="0.000"><error message="failed on setup with &quot;AssertionError: Failed to request OTP: {&quot;detail&quot;:&quot;Not Found&quot;}&#10;assert 404 == 200&#10; +  where 404 = &lt;Response [404]&gt;.status_code&quot;">tests/test_family_course_summary.py:20: in auth_token
    assert response.status_code == 200, f"Failed to request OTP: {response.text}"
E   AssertionError: Failed to request OTP: {"detail":"Not Found"}
E   assert 404 == 200
E    +  where 404 = &lt;Response [404]&gt;.status_code</error></testcase><testcase classname="tests.test_family_course_summary.TestFamilyAPI" name="test_family_member_courses_endpoint" time="0.000"><error message="failed on setup with &quot;AssertionError: Failed to request OTP: {&quot;detail&quot;:&quot;Not Found&quot;}&#10;assert 404 == 200&#10; +  where 404 = &lt;Response [404]&gt;.status_code&quot;">tests/test_family_course_summary.py:20: in auth_token
    assert response.status_code == 200, f"Failed to request OTP: {response.text}"
E   AssertionError: Failed to request OTP: {"detail":"Not Found"}
E   assert 404 == 200
E    +  where 404 = &lt;Response [404]&gt;.status_code</error></testcase><testcase classname="tests.test_family_course_summary.TestHelplineAPI" name="test_frontend_route_accessible" time="0.000" /></testsuite></testsuites>