<?xml version="1.0" encoding="utf-8"?><testsuites name="pytest tests"><testsuite name="pytest" errors="0" failures="1" skipped="0" tests="16" time="2.992" timestamp="2026-02-20T21:47:09.347115+00:00" hostname="agent-env-3b711917-860e-40e4-aaf2-949ea46f6aae"><testcase classname="backend.tests.test_manager_settings.TestAuthAndManager" name="test_01_manager_send_otp" time="0.395" /><testcase classname="backend.tests.test_manager_settings.TestAuthAndManager" name="test_02_manager_verify_otp_and_login" time="0.124" /><testcase classname="backend.tests.test_manager_settings.TestAuthAndManager" name="test_03_manager_get_stats" time="0.152" /><testcase classname="backend.tests.test_manager_settings.TestAuthAndManager" name="test_04_manager_get_wall" time="0.141" /><testcase classname="backend.tests.test_manager_settings.TestAuthAndManager" name="test_05_manager_create_wall_post" time="0.244" /><testcase classname="backend.tests.test_manager_settings.TestAuthAndManager" name="test_06_manager_delete_wall_post" time="0.153" /><testcase classname="backend.tests.test_manager_settings.TestAuthAndManager" name="test_07_manager_get_banner" time="0.180" /><testcase classname="backend.tests.test_manager_settings.TestAuthAndManager" name="test_08_manager_update_banner" time="0.147" /><testcase classname="backend.tests.test_manager_settings.TestAdminSettings" name="test_01_admin_send_otp" time="0.150" /><testcase classname="backend.tests.test_manager_settings.TestAdminSettings" name="test_02_admin_verify_otp_and_login" time="0.133" /><testcase classname="backend.tests.test_manager_settings.TestAdminSettings" name="test_03_get_branding_settings_public" time="0.173" /><testcase classname="backend.tests.test_manager_settings.TestAdminSettings" name="test_04_update_branding_settings" time="0.196" /><testcase classname="backend.tests.test_manager_settings.TestAdminSettings" name="test_05_get_all_branding_settings_admin" time="0.135" /><testcase classname="backend.tests.test_manager_settings.TestAdminSettings" name="test_06_get_area_config" time="0.160" /><testcase classname="backend.tests.test_manager_settings.TestAdminSettings" name="test_07_get_area_banner" time="0.205" /><testcase classname="backend.tests.test_manager_settings.TestManagerList" name="test_01_list_managers" time="0.205"><failure message="assert 400 == 200&#10; +  where 400 = &lt;Response [400]&gt;.status_code">backend/tests/test_manager_settings.py:228: in test_01_list_managers
    assert response.status_code == 200
E   assert 400 == 200
E    +  where 400 = &lt;Response [400]&gt;.status_code</failure></testcase></testsuite></testsuites>