<?xml version="1.0" encoding="utf-8"?><testsuites name="pytest tests"><testsuite name="pytest" errors="0" failures="0" skipped="0" tests="15" time="6.757" timestamp="2026-02-18T19:06:43.724157+00:00" hostname="agent-env-6fe55c3c-2618-4da2-8903-ae6724dceef6"><testcase classname="backend.tests.test_phase1_features.TestAQIEndpoints" name="test_aqi_dammaiguda" time="0.539" /><testcase classname="backend.tests.test_phase1_features.TestAQIEndpoints" name="test_aqi_hyderabad" time="0.645" /><testcase classname="backend.tests.test_phase1_features.TestAQIEndpoints" name="test_aqi_both" time="0.542" /><testcase classname="backend.tests.test_phase1_features.TestAQIEndpoints" name="test_aqi_category_colors" time="0.450" /><testcase classname="backend.tests.test_phase1_features.TestAuthenticationFlow" name="test_send_otp" time="0.122" /><testcase classname="backend.tests.test_phase1_features.TestAuthenticationFlow" name="test_verify_otp_and_login" time="0.130" /><testcase classname="backend.tests.test_phase1_features.TestFamilyModule" name="test_get_family_members_empty" time="0.330" /><testcase classname="backend.tests.test_phase1_features.TestFamilyModule" name="test_get_family_requests" time="0.399" /><testcase classname="backend.tests.test_phase1_features.TestFamilyModule" name="test_update_location" time="0.279" /><testcase classname="backend.tests.test_phase1_features.TestFamilyModule" name="test_send_request_to_nonexistent_user" time="0.410" /><testcase classname="backend.tests.test_phase1_features.TestFamilyModule" name="test_send_request_to_self" time="0.299" /><testcase classname="backend.tests.test_phase1_features.TestFamilyModule" name="test_family_request_flow" time="1.337" /><testcase classname="backend.tests.test_phase1_features.TestFamilyModule" name="test_respond_invalid_action" time="0.474" /><testcase classname="backend.tests.test_phase1_features.TestFamilyModule" name="test_unauthorized_access" time="0.496" /><testcase classname="backend.tests.test_phase1_features.TestHealthEndpoint" name="test_health" time="0.186" /></testsuite></testsuites>