<?xml version="1.0" encoding="utf-8"?><testsuites name="pytest tests"><testsuite name="pytest" errors="0" failures="0" skipped="0" tests="18" time="2.044" timestamp="2026-02-21T09:37:52.138145+00:00" hostname="agent-env-0d8dcc6d-c720-4060-905a-bad0a1ea9f0f"><testcase classname="backend.tests.test_calorie_counter.TestCalorieCounterAPIs" name="test_post_meal_breakfast" time="0.327" /><testcase classname="backend.tests.test_calorie_counter.TestCalorieCounterAPIs" name="test_post_meal_lunch" time="0.045" /><testcase classname="backend.tests.test_calorie_counter.TestCalorieCounterAPIs" name="test_post_meal_snacks" time="0.046" /><testcase classname="backend.tests.test_calorie_counter.TestCalorieCounterAPIs" name="test_post_meal_evening_snacks" time="0.043" /><testcase classname="backend.tests.test_calorie_counter.TestCalorieCounterAPIs" name="test_post_meal_dinner" time="0.055" /><testcase classname="backend.tests.test_calorie_counter.TestCalorieCounterAPIs" name="test_meal_returns_macros" time="0.045" /><testcase classname="backend.tests.test_calorie_counter.TestCalorieCounterAPIs" name="test_meals_summary_includes_macros" time="0.045" /><testcase classname="backend.tests.test_calorie_counter.TestCalorieCounterAPIs" name="test_meal_quantity_multiplier" time="0.091" /><testcase classname="backend.tests.test_calorie_counter.TestCalorieCounterAPIs" name="test_meal_custom_calories" time="0.047" /><testcase classname="backend.tests.test_calorie_counter.TestCalorieCounterAPIs" name="test_delete_meal" time="0.191" /><testcase classname="backend.tests.test_calorie_counter.TestCalorieCounterAPIs" name="test_delete_nonexistent_meal" time="0.048" /><testcase classname="backend.tests.test_calorie_counter.TestCalorieCounterAPIs" name="test_get_foods_database" time="0.059" /><testcase classname="backend.tests.test_calorie_counter.TestCalorieCounterAPIs" name="test_search_foods_english" time="0.058" /><testcase classname="backend.tests.test_calorie_counter.TestCalorieCounterAPIs" name="test_search_foods_telugu" time="0.043" /><testcase classname="backend.tests.test_calorie_counter.TestCalorieCounterAPIs" name="test_search_foods_partial" time="0.044" /><testcase classname="backend.tests.test_calorie_counter.TestCalorieCounterAPIs" name="test_get_meals_structure" time="0.046" /><testcase classname="backend.tests.test_calorie_counter.TestCalorieCounterIntegration" name="test_full_meal_workflow" time="0.183" /><testcase classname="backend.tests.test_calorie_counter.TestCalorieCounterIntegration" name="test_all_meal_types_in_single_day" time="0.541" /></testsuite></testsuites>