<?xml version="1.0" encoding="utf-8"?><testsuites name="pytest tests"><testsuite name="pytest" errors="0" failures="0" skipped="0" tests="26" time="32.678" timestamp="2026-02-18T21:18:15.743490+00:00" hostname="agent-env-98962de7-04c7-4312-bfcd-2af670580630"><testcase classname="backend.tests.test_stories_news.TestAuth" name="test_login_with_otp" time="0.481" /><testcase classname="backend.tests.test_stories_news.TestStoriesAPI" name="test_create_text_story" time="0.401" /><testcase classname="backend.tests.test_stories_news.TestStoriesAPI" name="test_create_image_story" time="0.160" /><testcase classname="backend.tests.test_stories_news.TestStoriesAPI" name="test_create_text_story_without_text_fails" time="5.596" /><testcase classname="backend.tests.test_stories_news.TestStoriesAPI" name="test_create_image_story_without_media_fails" time="0.142" /><testcase classname="backend.tests.test_stories_news.TestStoriesAPI" name="test_get_stories_feed" time="0.140" /><testcase classname="backend.tests.test_stories_news.TestStoriesAPI" name="test_get_my_stories" time="0.192" /><testcase classname="backend.tests.test_stories_news.TestStoriesAPI" name="test_view_story" time="0.978" /><testcase classname="backend.tests.test_stories_news.TestStoriesAPI" name="test_view_nonexistent_story_fails" time="0.132" /><testcase classname="backend.tests.test_stories_news.TestStoriesAPI" name="test_get_story_viewers" time="0.369" /><testcase classname="backend.tests.test_stories_news.TestStoriesAPI" name="test_delete_story" time="0.544" /><testcase classname="backend.tests.test_stories_news.TestStoriesAPI" name="test_delete_nonexistent_story_fails" time="0.153" /><testcase classname="backend.tests.test_stories_news.TestStoriesAPI" name="test_get_user_stories" time="0.288" /><testcase classname="backend.tests.test_stories_news.TestNewsAPI" name="test_get_news_categories" time="0.173" /><testcase classname="backend.tests.test_stories_news.TestNewsAPI" name="test_get_local_news" time="7.043" /><testcase classname="backend.tests.test_stories_news.TestNewsAPI" name="test_get_city_news" time="1.001" /><testcase classname="backend.tests.test_stories_news.TestNewsAPI" name="test_get_state_news" time="1.033" /><testcase classname="backend.tests.test_stories_news.TestNewsAPI" name="test_get_national_news" time="0.990" /><testcase classname="backend.tests.test_stories_news.TestNewsAPI" name="test_get_sports_news" time="3.136" /><testcase classname="backend.tests.test_stories_news.TestNewsAPI" name="test_get_entertainment_news" time="0.612" /><testcase classname="backend.tests.test_stories_news.TestNewsAPI" name="test_get_tech_news" time="1.112" /><testcase classname="backend.tests.test_stories_news.TestNewsAPI" name="test_get_health_news" time="1.222" /><testcase classname="backend.tests.test_stories_news.TestNewsAPI" name="test_get_business_news" time="0.273" /><testcase classname="backend.tests.test_stories_news.TestNewsAPI" name="test_news_has_telugu_content" time="3.463" /><testcase classname="backend.tests.test_stories_news.TestNewsAPI" name="test_news_source_not_shown_in_frontend" time="2.404" /><testcase classname="backend.tests.test_stories_news.TestWallGroupsAPI" name="test_get_groups" time="0.520" /></testsuite></testsuites>