<?xml version="1.0" encoding="utf-8"?><testsuites name="pytest tests"><testsuite name="pytest" errors="0" failures="0" skipped="0" tests="5" time="1.729" timestamp="2026-02-19T07:07:59.899795+00:00" hostname="agent-env-12231cbd-79dd-4827-987d-8e486800bd82"><testcase classname="tests.test_push_notifications.TestVAPIDEndpoint" name="test_vapid_public_key_returns_key" time="0.257" /><testcase classname="tests.test_push_notifications.TestAQIEndpoints" name="test_aqi_both_returns_two_locations" time="0.471" /><testcase classname="tests.test_push_notifications.TestAuthAndNotifications" name="test_login_flow" time="0.257" /><testcase classname="tests.test_push_notifications.TestAuthAndNotifications" name="test_notification_preferences_get" time="0.316" /><testcase classname="tests.test_push_notifications.TestAuthAndNotifications" name="test_notification_test_endpoint" time="0.376" /></testsuite></testsuites>