<?xml version="1.0" encoding="utf-8"?><testsuites name="pytest tests"><testsuite name="pytest" errors="8" failures="0" skipped="0" tests="17" time="3.097" timestamp="2026-02-18T22:43:34.595826+00:00" hostname="agent-env-2e476011-e268-4b2f-9d53-40016bc9e096"><testcase classname="backend.tests.test_weight_tracking.TestWeightTracking" name="test_log_weight_success" time="0.324"><error message="failed on setup with &quot;AssertionError: OTP request failed: {&quot;detail&quot;:&quot;Not Found&quot;}&#10;assert 404 == 200&#10; +  where 404 = &lt;Response [404]&gt;.status_code&quot;">backend/tests/test_weight_tracking.py:25: in auth_token
    assert response.status_code == 200, f"OTP request failed: {response.text}"
E   AssertionError: OTP request failed: {"detail":"Not Found"}
E   assert 404 == 200
E    +  where 404 = &lt;Response [404]&gt;.status_code</error></testcase><testcase classname="backend.tests.test_weight_tracking.TestWeightTracking" name="test_log_weight_without_notes" time="0.000"><error message="failed on setup with &quot;AssertionError: OTP request failed: {&quot;detail&quot;:&quot;Not Found&quot;}&#10;assert 404 == 200&#10; +  where 404 = &lt;Response [404]&gt;.status_code&quot;">backend/tests/test_weight_tracking.py:25: in auth_token
    assert response.status_code == 200, f"OTP request failed: {response.text}"
E   AssertionError: OTP request failed: {"detail":"Not Found"}
E   assert 404 == 200
E    +  where 404 = &lt;Response [404]&gt;.status_code</error></testcase><testcase classname="backend.tests.test_weight_tracking.TestWeightTracking" name="test_log_weight_invalid_value" time="0.000"><error message="failed on setup with &quot;AssertionError: OTP request failed: {&quot;detail&quot;:&quot;Not Found&quot;}&#10;assert 404 == 200&#10; +  where 404 = &lt;Response [404]&gt;.status_code&quot;">backend/tests/test_weight_tracking.py:25: in auth_token
    assert response.status_code == 200, f"OTP request failed: {response.text}"
E   AssertionError: OTP request failed: {"detail":"Not Found"}
E   assert 404 == 200
E    +  where 404 = &lt;Response [404]&gt;.status_code</error></testcase><testcase classname="backend.tests.test_weight_tracking.TestWeightTracking" name="test_log_weight_unauthorized" time="0.154" /><testcase classname="backend.tests.test_weight_tracking.TestWeightTracking" name="test_get_weight_history" time="0.000"><error message="failed on setup with &quot;AssertionError: OTP request failed: {&quot;detail&quot;:&quot;Not Found&quot;}&#10;assert 404 == 200&#10; +  where 404 = &lt;Response [404]&gt;.status_code&quot;">backend/tests/test_weight_tracking.py:25: in auth_token
    assert response.status_code == 200, f"OTP request failed: {response.text}"
E   AssertionError: OTP request failed: {"detail":"Not Found"}
E   assert 404 == 200
E    +  where 404 = &lt;Response [404]&gt;.status_code</error></testcase><testcase classname="backend.tests.test_weight_tracking.TestWeightTracking" name="test_get_weight_history_with_days_param" time="0.000"><error message="failed on setup with &quot;AssertionError: OTP request failed: {&quot;detail&quot;:&quot;Not Found&quot;}&#10;assert 404 == 200&#10; +  where 404 = &lt;Response [404]&gt;.status_code&quot;">backend/tests/test_weight_tracking.py:25: in auth_token
    assert response.status_code == 200, f"OTP request failed: {response.text}"
E   AssertionError: OTP request failed: {"detail":"Not Found"}
E   assert 404 == 200
E    +  where 404 = &lt;Response [404]&gt;.status_code</error></testcase><testcase classname="backend.tests.test_weight_tracking.TestWeightTracking" name="test_get_weight_history_unauthorized" time="0.108" /><testcase classname="backend.tests.test_weight_tracking.TestWeightTracking" name="test_set_weight_goal" time="0.000"><error message="failed on setup with &quot;AssertionError: OTP request failed: {&quot;detail&quot;:&quot;Not Found&quot;}&#10;assert 404 == 200&#10; +  where 404 = &lt;Response [404]&gt;.status_code&quot;">backend/tests/test_weight_tracking.py:25: in auth_token
    assert response.status_code == 200, f"OTP request failed: {response.text}"
E   AssertionError: OTP request failed: {"detail":"Not Found"}
E   assert 404 == 200
E    +  where 404 = &lt;Response [404]&gt;.status_code</error></testcase><testcase classname="backend.tests.test_weight_tracking.TestWeightTracking" name="test_set_weight_goal_unauthorized" time="0.169" /><testcase classname="backend.tests.test_weight_tracking.TestWeightTracking" name="test_get_weight_stats" time="0.000"><error message="failed on setup with &quot;AssertionError: OTP request failed: {&quot;detail&quot;:&quot;Not Found&quot;}&#10;assert 404 == 200&#10; +  where 404 = &lt;Response [404]&gt;.status_code&quot;">backend/tests/test_weight_tracking.py:25: in auth_token
    assert response.status_code == 200, f"OTP request failed: {response.text}"
E   AssertionError: OTP request failed: {"detail":"Not Found"}
E   assert 404 == 200
E    +  where 404 = &lt;Response [404]&gt;.status_code</error></testcase><testcase classname="backend.tests.test_weight_tracking.TestWeightTracking" name="test_get_weight_stats_unauthorized" time="0.120" /><testcase classname="backend.tests.test_weight_tracking.TestAQIMultiLocation" name="test_aqi_current_returns_multiple_locations" time="0.600" /><testcase classname="backend.tests.test_weight_tracking.TestAQIMultiLocation" name="test_aqi_dammaiguda_structure" time="0.613" /><testcase classname="backend.tests.test_weight_tracking.TestAQIMultiLocation" name="test_aqi_hyderabad_endpoint" time="0.302" /><testcase classname="backend.tests.test_weight_tracking.TestAQIMultiLocation" name="test_aqi_dammaiguda_endpoint" time="0.331" /><testcase classname="backend.tests.test_weight_tracking.TestFitnessDashboard" name="test_fitness_dashboard" time="0.104"><error message="failed on setup with &quot;assert 404 == 200&#10; +  where 404 = &lt;Response [404]&gt;.status_code&quot;">backend/tests/test_weight_tracking.py:249: in auth_token
    assert response.status_code == 200
E   assert 404 == 200
E    +  where 404 = &lt;Response [404]&gt;.status_code</error></testcase><testcase classname="backend.tests.test_weight_tracking.TestFitnessDashboard" name="test_activity_types" time="0.138" /></testsuite></testsuites>