<?xml version="1.0" encoding="utf-8"?><testsuites name="pytest tests"><testsuite name="pytest" errors="0" failures="0" skipped="0" tests="5" time="0.986" timestamp="2026-02-19T12:07:39.607445+00:00" hostname="agent-env-0d9762d9-6e3f-424d-afa4-d470415c3981"><testcase classname="tests.test_family_course_summary.TestFamilyAPI" name="test_family_members_endpoint_exists" time="0.440" /><testcase classname="tests.test_family_course_summary.TestFamilyAPI" name="test_family_members_returns_list" time="0.133" /><testcase classname="tests.test_family_course_summary.TestFamilyAPI" name="test_family_members_has_course_summary_field" time="0.111" /><testcase classname="tests.test_family_course_summary.TestFamilyAPI" name="test_family_member_courses_endpoint" time="0.246" /><testcase classname="tests.test_family_course_summary.TestHelplineAPI" name="test_frontend_route_accessible" time="0.000" /></testsuite></testsuites>